#
# There is insufficient memory for the Java Runtime Environment to continue.
# Native memory allocation (malloc) failed to allocate 32744 bytes for ChunkPool::allocate
# Possible reasons:
#   The system is out of physical RAM or swap space
#   In 32 bit mode, the process size limit was hit
# Possible solutions:
#   Reduce memory load on the system
#   Increase physical memory or swap space
#   Check if swap backing store is full
#   Use 64 bit Java on a 64 bit OS
#   Decrease Java heap size (-Xmx/-Xms)
#   Decrease number of Java threads
#   Decrease Java thread stack sizes (-Xss)
#   Set larger code cache with -XX:ReservedCodeCacheSize=
# This output file may be truncated or incomplete.
#
#  Out of Memory Error (allocation.cpp:273), pid=11508, tid=8196
#
# JRE version: Java(TM) SE Runtime Environment (8.0_71-b15) (build 1.8.0_71-b15)
# Java VM: Java HotSpot(TM) 64-Bit Server VM (25.71-b15 mixed mode windows-amd64 compressed oops)
# Failed to write core dump. Minidumps are not enabled by default on client versions of Windows
#

---------------  T H R E A D  ---------------

Current thread (0x0000000016fee000):  JavaThread "C2 CompilerThread0" daemon [_thread_in_native, id=8196, stack(0x0000000018640000,0x0000000018740000)]

Stack: [0x0000000018640000,0x0000000018740000]
[error occurred during error reporting (printing stack bounds), id 0xc0000005]

Native frames: (J=compiled Java code, j=interpreted, Vv=VM code, C=native code)


Current CompileTask:
C2:    220   90       4       java.lang.String::indexOf (7 bytes)


---------------  P R O C E S S  ---------------

Java Threads: ( => current thread )
  0x0000000018967800 JavaThread "Service Thread" daemon [_thread_blocked, id=12540, stack(0x0000000018d40000,0x0000000018e40000)]
  0x0000000017019800 JavaThread "C1 CompilerThread2" daemon [_thread_blocked, id=12080, stack(0x0000000018840000,0x0000000018940000)]
  0x0000000016ff0800 JavaThread "C2 CompilerThread1" daemon [_thread_blocked, id=4676, stack(0x0000000018740000,0x0000000018840000)]
=>0x0000000016fee000 JavaThread "C2 CompilerThread0" daemon [_thread_in_native, id=8196, stack(0x0000000018640000,0x0000000018740000)]
  0x0000000016fec000 JavaThread "Attach Listener" daemon [_thread_blocked, id=12192, stack(0x0000000018540000,0x0000000018640000)]
  0x0000000016fea800 JavaThread "Signal Dispatcher" daemon [_thread_blocked, id=6564, stack(0x0000000018440000,0x0000000018540000)]
  0x0000000002477000 JavaThread "Finalizer" daemon [_thread_blocked, id=6188, stack(0x0000000018250000,0x0000000018350000)]
  0x000000000246e000 JavaThread "Reference Handler" daemon [_thread_blocked, id=9268, stack(0x0000000018150000,0x0000000018250000)]
  0x000000000237e000 JavaThread "main" [_thread_in_native, id=10292, stack(0x0000000002250000,0x0000000002350000)]

Other Threads:
  0x0000000016fb8800 VMThread [stack: 0x0000000018050000,0x0000000018150000] [id=708]
  0x0000000018953800 WatcherThread [stack: 0x0000000018e40000,0x0000000018f40000] [id=13864]

VM state:not at safepoint (normal execution)

VM Mutex/Monitor currently owned by a thread: None

Heap:
 PSYoungGen      total 38400K, used 2669K [0x00000000d5c00000, 0x00000000d8680000, 0x0000000100000000)
  eden space 33280K, 8% used [0x00000000d5c00000,0x00000000d5e9b408,0x00000000d7c80000)
  from space 5120K, 0% used [0x00000000d8180000,0x00000000d8180000,0x00000000d8680000)
  to   space 5120K, 0% used [0x00000000d7c80000,0x00000000d7c80000,0x00000000d8180000)
 ParOldGen       total 87552K, used 0K [0x0000000081400000, 0x0000000086980000, 0x00000000d5c00000)
  object space 87552K, 0% used [0x0000000081400000,0x0000000081400000,0x0000000086980000)
 Metaspace       used 3049K, capacity 4672K, committed 4864K, reserved 1056768K
  class space    used 333K, capacity 428K, committed 512K, reserved 1048576K

Card table byte_map: [0x0000000011840000,0x0000000011c40000] byte_map_base: 0x0000000011436000

Marking Bits: (ParMarkBitMap*) 0x000000006fb3f600
 Begin Bits: [0x00000000122f0000, 0x00000000142a0000)
 End Bits:   [0x00000000142a0000, 0x0000000016250000)

Polling page: 0x0000000000560000

CodeCache: size=245760Kb used=1225Kb max_used=1238Kb free=244534Kb
 bounds [0x0000000002480000, 0x00000000026f0000, 0x0000000011480000]
 total_blobs=335 nmethods=91 adapters=157
 compilation: enabled

Compilation events (10 events):
Event: 0.214 Thread 0x0000000017019800 nmethod 83 0x00000000025ae090 code [0x00000000025ae260, 0x00000000025aeac8]
Event: 0.214 Thread 0x0000000017019800   85       3       java.lang.String::<init> (10 bytes)
Event: 0.214 Thread 0x0000000017019800 nmethod 85 0x00000000025aef50 code [0x00000000025af0a0, 0x00000000025af270]
Event: 0.215 Thread 0x0000000016ff0800   86  s    4       java.lang.StringBuffer::append (13 bytes)
Event: 0.216 Thread 0x0000000017019800   88       3       sun.nio.cs.UTF_8$Encoder::encode (359 bytes)
Event: 0.217 Thread 0x0000000017019800 nmethod 88 0x00000000025af690 code [0x00000000025af880, 0x00000000025b0398]
Event: 0.217 Thread 0x0000000017019800   89       3       sun.misc.MetaIndex::mayContain (51 bytes)
Event: 0.217 Thread 0x0000000016fee000   90       4       java.lang.String::indexOf (7 bytes)
Event: 0.218 Thread 0x0000000017019800 nmethod 89 0x00000000025b0a10 code [0x00000000025b0bc0, 0x00000000025b1238]
Event: 0.218 Thread 0x0000000017019800   91       3       java.nio.ByteBuffer::arrayOffset (35 bytes)

GC Heap History (0 events):
No events

Deoptimization events (0 events):
No events

Internal exceptions (2 events):
Event: 0.089 Thread 0x000000000237e000 Exception <a 'java/lang/NoSuchMethodError': Method sun.misc.Unsafe.defineClass(Ljava/lang/String;[BII)Ljava/lang/Class; name or signature does not match> (0x00000000d5c0d9a0) thrown at [C:\re\workspace\8-2-build-windows-amd64-cygwin\jdk8u71\5731\hotspot\sr52ÕY6Æ¶?
Event: 0.089 Thread 0x000000000237e000 Exception <a 'java/lang/NoSuchMethodError': Method sun.misc.Unsafe.prefetchRead(Ljava/lang/Object;J)V name or signature does not match> (0x00000000d5c0dc88) thrown at [C:\re\workspace\8-2-build-windows-amd64-cygwin\jdk8u71\5731\hotspot\src\share\vm\prims\j

Events (10 events):
Event: 0.213 loading class org/apache/commons/cli/UnrecognizedOptionException
Event: 0.213 loading class org/apache/commons/cli/UnrecognizedOptionException done
Event: 0.215 loading class org/apache/commons/cli/ParseException
Event: 0.215 loading class org/apache/commons/cli/ParseException done
Event: 0.217 loading class org/apache/maven/cli/MavenCli$ExitException
Event: 0.217 loading class org/apache/maven/cli/MavenCli$ExitException done
Event: 0.218 loading class java/lang/IllegalStateException
Event: 0.218 loading class java/lang/IllegalStateException done
Event: 0.218 loading class org/codehaus/plexus/logging/Logger
Event: 0.218 loading class org/codehaus/plexus/logging/Logger done


Dynamic libraries:
0x00007ff677230000 - 0x00007ff677267000 	C:\Program Files\Java\jdk1.8.0_71\bin\java.exe
0x00007ff9d0030000 - 0x00007ff9d0201000 	C:\WINDOWS\SYSTEM32\ntdll.dll
0x00007ff9cfba0000 - 0x00007ff9cfc4b000 	C:\WINDOWS\System32\KERNEL32.DLL
0x00007ff9cc800000 - 0x00007ff9cca1d000 	C:\WINDOWS\System32\KERNELBASE.dll
0x00007ff9cfc50000 - 0x00007ff9cfcf2000 	C:\WINDOWS\System32\ADVAPI32.dll
0x00007ff9cf560000 - 0x00007ff9cf5fe000 	C:\WINDOWS\System32\msvcrt.dll
0x00007ff9cd5c0000 - 0x00007ff9cd619000 	C:\WINDOWS\System32\sechost.dll
0x00007ff9cfd20000 - 0x00007ff9cfe41000 	C:\WINDOWS\System32\RPCRT4.dll
0x00007ff9cfe50000 - 0x00007ff9cffb5000 	C:\WINDOWS\System32\USER32.dll
0x00007ff9cca20000 - 0x00007ff9cca3e000 	C:\WINDOWS\System32\win32u.dll
0x00007ff9cef70000 - 0x00007ff9cefa4000 	C:\WINDOWS\System32\GDI32.dll
0x00007ff9cc670000 - 0x00007ff9cc7f2000 	C:\WINDOWS\System32\gdi32full.dll
0x00007ff9c6930000 - 0x00007ff9c6baa000 	C:\WINDOWS\WinSxS\amd64_microsoft.windows.common-controls_6595b64144ccf1df_6.0.14393.953_none_42151e83c686086b\COMCTL32.dll
0x00007ff9cefb0000 - 0x00007ff9cf278000 	C:\WINDOWS\System32\combase.dll
0x00007ff9ccc70000 - 0x00007ff9ccd65000 	C:\WINDOWS\System32\ucrtbase.dll
0x00007ff9ccd70000 - 0x00007ff9ccdda000 	C:\WINDOWS\System32\bcryptPrimitives.dll
0x00007ff9cf280000 - 0x00007ff9cf2ae000 	C:\WINDOWS\System32\IMM32.DLL
0x000000006f0d0000 - 0x000000006f1a2000 	C:\Program Files\Java\jdk1.8.0_71\jre\bin\msvcr100.dll
0x000000006f330000 - 0x000000006fbbf000 	C:\Program Files\Java\jdk1.8.0_71\jre\bin\server\jvm.dll
0x00007ff9cef60000 - 0x00007ff9cef68000 	C:\WINDOWS\System32\PSAPI.DLL
0x00007ff9c6410000 - 0x00007ff9c641a000 	C:\WINDOWS\SYSTEM32\VERSION.dll
0x00007ff9bbd20000 - 0x00007ff9bbd29000 	C:\WINDOWS\SYSTEM32\WSOCK32.dll
0x00007ff9ca6f0000 - 0x00007ff9ca713000 	C:\WINDOWS\SYSTEM32\WINMM.dll
0x00007ff9cf350000 - 0x00007ff9cf3ba000 	C:\WINDOWS\System32\WS2_32.dll
0x0000000000a90000 - 0x0000000000abb000 	C:\WINDOWS\SYSTEM32\WINMMBASE.dll
0x00007ff9ccde0000 - 0x00007ff9cce22000 	C:\WINDOWS\System32\cfgmgr32.dll
0x0000000070270000 - 0x000000007027f000 	C:\Program Files\Java\jdk1.8.0_71\jre\bin\verify.dll
0x0000000070240000 - 0x0000000070269000 	C:\Program Files\Java\jdk1.8.0_71\jre\bin\java.dll
0x0000000070220000 - 0x0000000070236000 	C:\Program Files\Java\jdk1.8.0_71\jre\bin\zip.dll
0x00007ff9cda50000 - 0x00007ff9cef58000 	C:\WINDOWS\System32\SHELL32.dll
0x00007ff9cce30000 - 0x00007ff9cd50a000 	C:\WINDOWS\System32\windows.storage.dll
0x00007ff9cc4b0000 - 0x00007ff9cc4fc000 	C:\WINDOWS\System32\powrprof.dll
0x00007ff9cf880000 - 0x00007ff9cf8d2000 	C:\WINDOWS\System32\shlwapi.dll
0x00007ff9cc4a0000 - 0x00007ff9cc4af000 	C:\WINDOWS\System32\kernel.appcore.dll
0x00007ff9cd510000 - 0x00007ff9cd5b9000 	C:\WINDOWS\System32\shcore.dll
0x00007ff9cc500000 - 0x00007ff9cc514000 	C:\WINDOWS\System32\profapi.dll

VM Arguments:
jvm_args: -Dclassworlds.conf=C:\Program Files\NetBeans 8.2\java\maven\bin\m2.conf -Dmaven.home=C:\Program Files\NetBeans 8.2\java\maven 
java_command: org.codehaus.plexus.classworlds.launcher.Launcher -DskipTests=true -Dmaven.ext.class.path=C:\Program Files\NetBeans 8.2\java\maven-nblib\netbeans-eventspy.jar -Dfile.encoding=UTF-8 clean install
java_class_path (initial): C:\Program Files\NetBeans 8.2\java\maven\boot\plexus-classworlds-2.4.jar
Launcher Type: SUN_STANDARD

Environment Variables:
JAVA_HOME=C:\Program Files\Java\jdk1.8.0_71
PATH=C:\watcom-1.3\binnt;C:\watcom-1.3\binw;C:\ProgramData\Oracle\Java\javapath;C:\Program Files (x86)\Intel\iCLS Client\;C:\Program Files\Intel\iCLS Client\;C:\WINDOWS\system32;C:\WINDOWS;C:\WINDOWS\System32\Wbem;C:\WINDOWS\System32\WindowsPowerShell\v1.0\;C:\Program Files\Hewlett-Packard\SimplePass\;C:\Program Files\Intel\Intel(R) Management Engine Components\DAL;C:\Program Files (x86)\Intel\Intel(R) Management Engine Components\DAL;C:\Program Files\Intel\Intel(R) Management Engine Components\IPT;C:\Program Files (x86)\Intel\Intel(R) Management Engine Components\IPT;C:\Program Files (x86)\Skype\Phone\;C:\WINDOWS\system32\config\systemprofile\.dnx\bin;C:\Program Files\Microsoft DNX\Dnvm\;C:\Program Files\Microsoft SQL Server\130\Tools\Binn\;C:\Users\Amein\AppData\Local\Microsoft\WindowsApps;
USERNAME=Amein
OS=Windows_NT
PROCESSOR_IDENTIFIER=Intel64 Family 6 Model 61 Stepping 4, GenuineIntel



---------------  S Y S T E M  ---------------

OS: Windows 10.0 , 64 bit Build 14393 (10.0.14393.0)

CPU:total 4 (2 cores per cpu, 2 threads per core) family 6 model 61 stepping 4, cmov, cx8, fxsr, mmx, sse, sse2, sse3, ssse3, sse4.1, sse4.2, popcnt, avx, avx2, aes, clmul, erms, 3dnowpref, lzcnt, ht, tsc, tscinvbit, bmi1, bmi2, adx

Memory: 4k page, physical 8301968k(1896796k free), swap 10257808k(5120k free)

vm_info: Java HotSpot(TM) 64-Bit Server VM (25.71-b15) for windows-amd64 JRE (1.8.0_71-b15), built on Dec 22 2015 18:15:55 by "java_re" with MS VC++ 10.0 (VS2010)

time: Fri Apr 21 14:18:02 2017
elapsed time: 0 seconds (0d 0h 0m 0s)

