#
# There is insufficient memory for the Java Runtime Environment to continue.
# Native memory allocation (malloc) failed to allocate 32744 bytes for ChunkPool::allocate
# Possible reasons:
#   The system is out of physical RAM or swap space
#   In 32 bit mode, the process size limit was hit
# Possible solutions:
#   Reduce memory load on the system
#   Increase physical memory or swap space
#   Check if swap backing store is full
#   Use 64 bit Java on a 64 bit OS
#   Decrease Java heap size (-Xmx/-Xms)
#   Decrease number of Java threads
#   Decrease Java thread stack sizes (-Xss)
#   Set larger code cache with -XX:ReservedCodeCacheSize=
# This output file may be truncated or incomplete.
#
#  Out of Memory Error (allocation.cpp:273), pid=9500, tid=15032
#
# JRE version: Java(TM) SE Runtime Environment (8.0_71-b15) (build 1.8.0_71-b15)
# Java VM: Java HotSpot(TM) 64-Bit Server VM (25.71-b15 mixed mode windows-amd64 compressed oops)
# Failed to write core dump. Minidumps are not enabled by default on client versions of Windows
#

---------------  T H R E A D  ---------------

Current thread (0x0000000017252000):  JavaThread "C2 CompilerThread1" daemon [_thread_in_native, id=15032, stack(0x00000000189a0000,0x0000000018aa0000)]

Stack: [0x00000000189a0000,0x0000000018aa0000]
[error occurred during error reporting (printing stack bounds), id 0xc0000005]

Native frames: (J=compiled Java code, j=interpreted, Vv=VM code, C=native code)


Current CompileTask:
C2:    891  267  s    4       sun.misc.URLClassPath::getNextLoader (88 bytes)


---------------  P R O C E S S  ---------------

Java Threads: ( => current thread )
  0x0000000018bc8800 JavaThread "Service Thread" daemon [_thread_blocked, id=12208, stack(0x0000000018fa0000,0x00000000190a0000)]
  0x0000000017258800 JavaThread "C1 CompilerThread2" daemon [_thread_in_native, id=14964, stack(0x0000000018aa0000,0x0000000018ba0000)]
=>0x0000000017252000 JavaThread "C2 CompilerThread1" daemon [_thread_in_native, id=15032, stack(0x00000000189a0000,0x0000000018aa0000)]
  0x000000001724e000 JavaThread "C2 CompilerThread0" daemon [_thread_in_native, id=11780, stack(0x00000000188a0000,0x00000000189a0000)]
  0x000000001724c000 JavaThread "Attach Listener" daemon [_thread_blocked, id=14348, stack(0x00000000187a0000,0x00000000188a0000)]
  0x000000001724b000 JavaThread "Signal Dispatcher" daemon [_thread_blocked, id=4020, stack(0x00000000186a0000,0x00000000187a0000)]
  0x00000000026d7000 JavaThread "Finalizer" daemon [_thread_blocked, id=10556, stack(0x00000000184b0000,0x00000000185b0000)]
  0x00000000026ce000 JavaThread "Reference Handler" daemon [_thread_blocked, id=14960, stack(0x00000000183b0000,0x00000000184b0000)]
  0x0000000000c8e000 JavaThread "main" [_thread_in_vm, id=14304, stack(0x00000000024c0000,0x00000000025c0000)]

Other Threads:
  0x0000000017218800 VMThread [stack: 0x00000000182b0000,0x00000000183b0000] [id=12228]
  0x00000000172ae800 WatcherThread [stack: 0x00000000190a0000,0x00000000191a0000] [id=15580]

VM state:not at safepoint (normal execution)

VM Mutex/Monitor currently owned by a thread: None

Heap:
 PSYoungGen      total 38400K, used 7364K [0x00000000d5c00000, 0x00000000d8680000, 0x0000000100000000)
  eden space 33280K, 22% used [0x00000000d5c00000,0x00000000d63311c8,0x00000000d7c80000)
  from space 5120K, 0% used [0x00000000d8180000,0x00000000d8180000,0x00000000d8680000)
  to   space 5120K, 0% used [0x00000000d7c80000,0x00000000d7c80000,0x00000000d8180000)
 ParOldGen       total 87552K, used 0K [0x0000000081400000, 0x0000000086980000, 0x00000000d5c00000)
  object space 87552K, 0% used [0x0000000081400000,0x0000000081400000,0x0000000086980000)
 Metaspace       used 4896K, capacity 5368K, committed 5504K, reserved 1056768K
  class space    used 559K, capacity 604K, committed 640K, reserved 1048576K

Card table byte_map: [0x0000000011aa0000,0x0000000011ea0000] byte_map_base: 0x0000000011696000

Marking Bits: (ParMarkBitMap*) 0x000000006fb3f600
 Begin Bits: [0x0000000012550000, 0x0000000014500000)
 End Bits:   [0x0000000014500000, 0x00000000164b0000)

Polling page: 0x0000000000cf0000

CodeCache: size=245760Kb used=1660Kb max_used=1660Kb free=244099Kb
 bounds [0x00000000026e0000, 0x0000000002950000, 0x00000000116e0000]
 total_blobs=536 nmethods=267 adapters=182
 compilation: enabled

Compilation events (10 events):
Event: 0.847 Thread 0x0000000017258800 nmethod 264 0x000000000287d450 code [0x000000000287d5c0, 0x000000000287d728]
Event: 0.847 Thread 0x0000000017258800  265       3       java.lang.CharacterDataLatin1::digit (91 bytes)
Event: 0.848 Thread 0x0000000017258800 nmethod 265 0x000000000287cdd0 code [0x000000000287cf40, 0x000000000287d2d0]
Event: 0.848 Thread 0x000000001724e000  266  s!   4       sun.misc.URLClassPath::getLoader (197 bytes)
Event: 0.849 Thread 0x0000000017252000  267  s    4       sun.misc.URLClassPath::getNextLoader (88 bytes)
Event: 0.850 Thread 0x0000000017258800  268       3       sun.misc.PerfCounter::addElapsedTimeFrom (10 bytes)
Event: 0.850 Thread 0x0000000017258800 nmethod 268 0x000000000287c150 code [0x000000000287c300, 0x000000000287ca58]
Event: 0.850 Thread 0x0000000017258800  269       3       java.lang.String::substring (56 bytes)
Event: 0.851 Thread 0x0000000017258800 nmethod 269 0x000000000287f750 code [0x000000000287f900, 0x000000000287fd48]
Event: 0.852 Thread 0x0000000017258800  270       3       java.util.BitSet::wordIndex (5 bytes)

GC Heap History (0 events):
No events

Deoptimization events (0 events):
No events

Internal exceptions (6 events):
Event: 0.072 Thread 0x0000000000c8e000 Exception <a 'java/lang/NoSuchMethodError': Method sun.misc.Unsafe.defineClass(Ljava/lang/String;[BII)Ljava/lang/Class; name or signature does not match> (0x00000000d5c0d9a0) thrown at [C:\re\workspace\8-2-build-windows-amd64-cygwin\jdk8u71\5731\hotspot\sr™47íxê≤?
Event: 0.073 Thread 0x0000000000c8e000 Exception <a 'java/lang/NoSuchMethodError': Method sun.misc.Unsafe.prefetchRead(Ljava/lang/Object;J)V name or signature does not match> (0x00000000d5c0dc88) thrown at [C:\re\workspace\8-2-build-windows-amd64-cygwin\jdk8u71\5731\hotspot\src\share\vm\prims\jπBÀ≠∏Â‘?
Event: 0.327 Thread 0x0000000000c8e000 Exception <a 'java/security/PrivilegedActionException'> (0x00000000d5f9b120) thrown at [C:\re\workspace\8-2-build-windows-amd64-cygwin\jdk8u71\5731\hotspot\src\share\vm\prims\jvm.cpp, line 1386]
Event: 0.327 Thread 0x0000000000c8e000 Exception <a 'java/security/PrivilegedActionException'> (0x00000000d5f9b330) thrown at [C:\re\workspace\8-2-build-windows-amd64-cygwin\jdk8u71\5731\hotspot\src\share\vm\prims\jvm.cpp, line 1386]
Event: 0.327 Thread 0x0000000000c8e000 Exception <a 'java/security/PrivilegedActionException'> (0x00000000d5f9f360) thrown at [C:\re\workspace\8-2-build-windows-amd64-cygwin\jdk8u71\5731\hotspot\src\share\vm\prims\jvm.cpp, line 1386]
Event: 0.327 Thread 0x0000000000c8e000 Exception <a 'java/security/PrivilegedActionException'> (0x00000000d5f9f570) thrown at [C:\re\workspace\8-2-build-windows-amd64-cygwin\jdk8u71\5731\hotspot\src\share\vm\prims\jvm.cpp, line 1386]

Events (10 events):
Event: 0.852 loading class com/google/common/collect/ImmutableList$ReverseImmutableList
Event: 0.852 loading class com/google/common/collect/ImmutableList$ReverseImmutableList done
Event: 0.853 loading class java/io/InvalidObjectException
Event: 0.853 loading class java/io/ObjectStreamException
Event: 0.853 loading class java/io/ObjectStreamException done
Event: 0.853 loading class java/io/InvalidObjectException done
Event: 0.853 loading class com/google/common/collect/UnmodifiableIterator
Event: 0.853 loading class com/google/common/collect/UnmodifiableIterator done
Event: 0.853 loading class com/google/common/collect/UnmodifiableListIterator
Event: 0.853 loading class com/google/common/collect/UnmodifiableListIterator done


Dynamic libraries:
0x00007ff72cfc0000 - 0x00007ff72cff7000 	C:\Program Files\Java\jdk1.8.0_71\bin\java.exe
0x00007ff9d0030000 - 0x00007ff9d0201000 	C:\WINDOWS\SYSTEM32\ntdll.dll
0x00007ff9cfba0000 - 0x00007ff9cfc4b000 	C:\WINDOWS\System32\KERNEL32.DLL
0x00007ff9cc800000 - 0x00007ff9cca1d000 	C:\WINDOWS\System32\KERNELBASE.dll
0x00007ff9cfc50000 - 0x00007ff9cfcf2000 	C:\WINDOWS\System32\ADVAPI32.dll
0x00007ff9cf560000 - 0x00007ff9cf5fe000 	C:\WINDOWS\System32\msvcrt.dll
0x00007ff9cd5c0000 - 0x00007ff9cd619000 	C:\WINDOWS\System32\sechost.dll
0x00007ff9cfd20000 - 0x00007ff9cfe41000 	C:\WINDOWS\System32\RPCRT4.dll
0x00007ff9cfe50000 - 0x00007ff9cffb5000 	C:\WINDOWS\System32\USER32.dll
0x00007ff9cca20000 - 0x00007ff9cca3e000 	C:\WINDOWS\System32\win32u.dll
0x00007ff9cef70000 - 0x00007ff9cefa4000 	C:\WINDOWS\System32\GDI32.dll
0x00007ff9cc670000 - 0x00007ff9cc7f2000 	C:\WINDOWS\System32\gdi32full.dll
0x00007ff9c6930000 - 0x00007ff9c6baa000 	C:\WINDOWS\WinSxS\amd64_microsoft.windows.common-controls_6595b64144ccf1df_6.0.14393.953_none_42151e83c686086b\COMCTL32.dll
0x00007ff9cefb0000 - 0x00007ff9cf278000 	C:\WINDOWS\System32\combase.dll
0x00007ff9ccc70000 - 0x00007ff9ccd65000 	C:\WINDOWS\System32\ucrtbase.dll
0x00007ff9ccd70000 - 0x00007ff9ccdda000 	C:\WINDOWS\System32\bcryptPrimitives.dll
0x00007ff9cf280000 - 0x00007ff9cf2ae000 	C:\WINDOWS\System32\IMM32.DLL
0x000000006f0d0000 - 0x000000006f1a2000 	C:\Program Files\Java\jdk1.8.0_71\jre\bin\msvcr100.dll
0x000000006f330000 - 0x000000006fbbf000 	C:\Program Files\Java\jdk1.8.0_71\jre\bin\server\jvm.dll
0x00007ff9cef60000 - 0x00007ff9cef68000 	C:\WINDOWS\System32\PSAPI.DLL
0x00007ff9bbd20000 - 0x00007ff9bbd29000 	C:\WINDOWS\SYSTEM32\WSOCK32.dll
0x00007ff9ca6f0000 - 0x00007ff9ca713000 	C:\WINDOWS\SYSTEM32\WINMM.dll
0x00007ff9cf350000 - 0x00007ff9cf3ba000 	C:\WINDOWS\System32\WS2_32.dll
0x00007ff9c6410000 - 0x00007ff9c641a000 	C:\WINDOWS\SYSTEM32\VERSION.dll
0x00007ff9ca6c0000 - 0x00007ff9ca6eb000 	C:\WINDOWS\SYSTEM32\WINMMBASE.dll
0x00007ff9ccde0000 - 0x00007ff9cce22000 	C:\WINDOWS\System32\cfgmgr32.dll
0x0000000070270000 - 0x000000007027f000 	C:\Program Files\Java\jdk1.8.0_71\jre\bin\verify.dll
0x0000000070240000 - 0x0000000070269000 	C:\Program Files\Java\jdk1.8.0_71\jre\bin\java.dll
0x0000000070220000 - 0x0000000070236000 	C:\Program Files\Java\jdk1.8.0_71\jre\bin\zip.dll
0x00007ff9cda50000 - 0x00007ff9cef58000 	C:\WINDOWS\System32\SHELL32.dll
0x00007ff9cce30000 - 0x00007ff9cd50a000 	C:\WINDOWS\System32\windows.storage.dll
0x00007ff9cc4b0000 - 0x00007ff9cc4fc000 	C:\WINDOWS\System32\powrprof.dll
0x00007ff9cf880000 - 0x00007ff9cf8d2000 	C:\WINDOWS\System32\shlwapi.dll
0x00007ff9cc4a0000 - 0x00007ff9cc4af000 	C:\WINDOWS\System32\kernel.appcore.dll
0x00007ff9cd510000 - 0x00007ff9cd5b9000 	C:\WINDOWS\System32\shcore.dll
0x00007ff9cc500000 - 0x00007ff9cc514000 	C:\WINDOWS\System32\profapi.dll

VM Arguments:
jvm_args: -Dclassworlds.conf=C:\Program Files\NetBeans 8.2\java\maven\bin\m2.conf -Dmaven.home=C:\Program Files\NetBeans 8.2\java\maven 
java_command: org.codehaus.plexus.classworlds.launcher.Launcher -DskipTests=true -Dmaven.ext.class.path=C:\Program Files\NetBeans 8.2\java\maven-nblib\netbeans-eventspy.jar -Dfile.encoding=UTF-8 clean install
java_class_path (initial): C:\Program Files\NetBeans 8.2\java\maven\boot\plexus-classworlds-2.4.jar
Launcher Type: SUN_STANDARD

Environment Variables:
JAVA_HOME=C:\Program Files\Java\jdk1.8.0_71
PATH=C:\watcom-1.3\binnt;C:\watcom-1.3\binw;C:\ProgramData\Oracle\Java\javapath;C:\Program Files (x86)\Intel\iCLS Client\;C:\Program Files\Intel\iCLS Client\;C:\WINDOWS\system32;C:\WINDOWS;C:\WINDOWS\System32\Wbem;C:\WINDOWS\System32\WindowsPowerShell\v1.0\;C:\Program Files\Hewlett-Packard\SimplePass\;C:\Program Files\Intel\Intel(R) Management Engine Components\DAL;C:\Program Files (x86)\Intel\Intel(R) Management Engine Components\DAL;C:\Program Files\Intel\Intel(R) Management Engine Components\IPT;C:\Program Files (x86)\Intel\Intel(R) Management Engine Components\IPT;C:\Program Files (x86)\Skype\Phone\;C:\WINDOWS\system32\config\systemprofile\.dnx\bin;C:\Program Files\Microsoft DNX\Dnvm\;C:\Program Files\Microsoft SQL Server\130\Tools\Binn\;C:\Users\Amein\AppData\Local\Microsoft\WindowsApps;
USERNAME=Amein
OS=Windows_NT
PROCESSOR_IDENTIFIER=Intel64 Family 6 Model 61 Stepping 4, GenuineIntel



---------------  S Y S T E M  ---------------

OS: Windows 10.0 , 64 bit Build 14393 (10.0.14393.0)

CPU:total 4 (2 cores per cpu, 2 threads per core) family 6 model 61 stepping 4, cmov, cx8, fxsr, mmx, sse, sse2, sse3, ssse3, sse4.1, sse4.2, popcnt, avx, avx2, aes, clmul, erms, 3dnowpref, lzcnt, ht, tsc, tscinvbit, bmi1, bmi2, adx

Memory: 4k page, physical 8301968k(1869816k free), swap 10257808k(1092k free)

vm_info: Java HotSpot(TM) 64-Bit Server VM (25.71-b15) for windows-amd64 JRE (1.8.0_71-b15), built on Dec 22 2015 18:15:55 by "java_re" with MS VC++ 10.0 (VS2010)

time: Fri Apr 21 14:17:49 2017
elapsed time: 0 seconds (0d 0h 0m 0s)

