#
# There is insufficient memory for the Java Runtime Environment to continue.
# Native memory allocation (malloc) failed to allocate 32744 bytes for ChunkPool::allocate
# Possible reasons:
#   The system is out of physical RAM or swap space
#   In 32 bit mode, the process size limit was hit
# Possible solutions:
#   Reduce memory load on the system
#   Increase physical memory or swap space
#   Check if swap backing store is full
#   Use 64 bit Java on a 64 bit OS
#   Decrease Java heap size (-Xmx/-Xms)
#   Decrease number of Java threads
#   Decrease Java thread stack sizes (-Xss)
#   Set larger code cache with -XX:ReservedCodeCacheSize=
# This output file may be truncated or incomplete.
#
#  Out of Memory Error (allocation.cpp:273), pid=9712, tid=12704
#
# JRE version: Java(TM) SE Runtime Environment (8.0_71-b15) (build 1.8.0_71-b15)
# Java VM: Java HotSpot(TM) 64-Bit Server VM (25.71-b15 mixed mode windows-amd64 compressed oops)
# Failed to write core dump. Minidumps are not enabled by default on client versions of Windows
#

---------------  T H R E A D  ---------------

Current thread (0x00000000174f0800):  JavaThread "C2 CompilerThread1" daemon [_thread_in_native, id=12704, stack(0x0000000018c40000,0x0000000018d40000)]

Stack: [0x0000000018c40000,0x0000000018d40000]
[error occurred during error reporting (printing stack bounds), id 0xc0000005]

Native frames: (J=compiled Java code, j=interpreted, Vv=VM code, C=native code)


Current CompileTask:
C2:  13074 2178       4       java.net.URLClassLoader$1::run (5 bytes)


---------------  P R O C E S S  ---------------

Java Threads: ( => current thread )
  0x0000000018e6a800 JavaThread "Service Thread" daemon [_thread_blocked, id=16220, stack(0x0000000019240000,0x0000000019340000)]
  0x00000000174f3800 JavaThread "C1 CompilerThread2" daemon [_thread_blocked, id=5816, stack(0x0000000018d40000,0x0000000018e40000)]
=>0x00000000174f0800 JavaThread "C2 CompilerThread1" daemon [_thread_in_native, id=12704, stack(0x0000000018c40000,0x0000000018d40000)]
  0x00000000174ee000 JavaThread "C2 CompilerThread0" daemon [_thread_blocked, id=5292, stack(0x0000000018b40000,0x0000000018c40000)]
  0x00000000174ec000 JavaThread "Attach Listener" daemon [_thread_blocked, id=11704, stack(0x0000000018a40000,0x0000000018b40000)]
  0x00000000174eb000 JavaThread "Signal Dispatcher" daemon [_thread_blocked, id=1368, stack(0x0000000018940000,0x0000000018a40000)]
  0x0000000002977000 JavaThread "Finalizer" daemon [_thread_blocked, id=7972, stack(0x0000000018750000,0x0000000018850000)]
  0x000000000296e000 JavaThread "Reference Handler" daemon [_thread_blocked, id=11512, stack(0x0000000018650000,0x0000000018750000)]
  0x000000000104e000 JavaThread "main" [_thread_in_vm, id=14808, stack(0x0000000002780000,0x0000000002880000)]

Other Threads:
  0x00000000174b8800 VMThread [stack: 0x0000000018550000,0x0000000018650000] [id=14176]
  0x0000000018e9e800 WatcherThread [stack: 0x0000000019340000,0x0000000019440000] [id=11860]

VM state:not at safepoint (normal execution)

VM Mutex/Monitor currently owned by a thread: None

Heap:
 PSYoungGen      total 38400K, used 13660K [0x00000000d5c00000, 0x00000000d8680000, 0x0000000100000000)
  eden space 33280K, 25% used [0x00000000d5c00000,0x00000000d645f390,0x00000000d7c80000)
  from space 5120K, 99% used [0x00000000d7c80000,0x00000000d8178040,0x00000000d8180000)
  to   space 5120K, 0% used [0x00000000d8180000,0x00000000d8180000,0x00000000d8680000)
 ParOldGen       total 87552K, used 2707K [0x0000000081400000, 0x0000000086980000, 0x00000000d5c00000)
  object space 87552K, 3% used [0x0000000081400000,0x00000000816a4e78,0x0000000086980000)
 Metaspace       used 15116K, capacity 15580K, committed 15616K, reserved 1062912K
  class space    used 1872K, capacity 2037K, committed 2048K, reserved 1048576K

Card table byte_map: [0x0000000011d40000,0x0000000012140000] byte_map_base: 0x0000000011936000

Marking Bits: (ParMarkBitMap*) 0x000000006fb3f600
 Begin Bits: [0x00000000127f0000, 0x00000000147a0000)
 End Bits:   [0x00000000147a0000, 0x0000000016750000)

Polling page: 0x00000000007f0000

CodeCache: size=245760Kb used=7263Kb max_used=7263Kb free=238496Kb
 bounds [0x0000000002980000, 0x00000000030a0000, 0x0000000011980000]
 total_blobs=2528 nmethods=2194 adapters=246
 compilation: enabled

Compilation events (10 events):
Event: 12.991 Thread 0x00000000174f0800 2177       4       java.lang.ReflectiveOperationException::<init> (7 bytes)
Event: 12.995 Thread 0x00000000174f0800 nmethod 2177 0x00000000030968d0 code [0x0000000003096a20, 0x0000000003096d88]
Event: 13.005 Thread 0x00000000174ee000 nmethod 2174 0x000000000309c890 code [0x000000000309ca40, 0x000000000309dd70]
Event: 13.013 Thread 0x00000000174f0800 2178       4       java.net.URLClassLoader$1::run (5 bytes)
Event: 13.023 Thread 0x00000000174ee000 2179       4       java.util.regex.Pattern$Node::<init> (12 bytes)
Event: 13.024 Thread 0x00000000174ee000 nmethod 2179 0x000000000304fa90 code [0x000000000304fbc0, 0x000000000304fc38]
Event: 13.029 Thread 0x00000000174ee000 2180       4       java.util.regex.Pattern::isSupplementary (20 bytes)
Event: 13.030 Thread 0x00000000174ee000 nmethod 2180 0x000000000308d810 code [0x000000000308d940, 0x000000000308d9b8]
Event: 13.030 Thread 0x00000000174f3800 2181       3       java.lang.Enum::<init> (15 bytes)
Event: 13.031 Thread 0x00000000174f3800 nmethod 2181 0x000000000308fed0 code [0x0000000003090020, 0x00000000030901f0]

GC Heap History (6 events):
Event: 1.329 GC heap before
{Heap before GC invocations=1 (full 0):
 PSYoungGen      total 38400K, used 33280K [0x00000000d5c00000, 0x00000000d8680000, 0x0000000100000000)
  eden space 33280K, 100% used [0x00000000d5c00000,0x00000000d7c80000,0x00000000d7c80000)
  from space 5120K, 0% used [0x00000000d8180000,0x00000000d8180000,0x00000000d8680000)
  to   space 5120K, 0% used [0x00000000d7c80000,0x00000000d7c80000,0x00000000d8180000)
 ParOldGen       total 87552K, used 0K [0x0000000081400000, 0x0000000086980000, 0x00000000d5c00000)
  object space 87552K, 0% used [0x0000000081400000,0x0000000081400000,0x0000000086980000)
 Metaspace       used 7609K, capacity 7726K, committed 7936K, reserved 1056768K
  class space    used 960K, capacity 1021K, committed 1024K, reserved 1048576K
Event: 1.334 GC heap after
Heap after GC invocations=1 (full 0):
 PSYoungGen      total 38400K, used 4537K [0x00000000d5c00000, 0x00000000d8680000, 0x0000000100000000)
  eden space 33280K, 0% used [0x00000000d5c00000,0x00000000d5c00000,0x00000000d7c80000)
  from space 5120K, 88% used [0x00000000d7c80000,0x00000000d80ee590,0x00000000d8180000)
  to   space 5120K, 0% used [0x00000000d8180000,0x00000000d8180000,0x00000000d8680000)
 ParOldGen       total 87552K, used 16K [0x0000000081400000, 0x0000000086980000, 0x00000000d5c00000)
  object space 87552K, 0% used [0x0000000081400000,0x0000000081404000,0x0000000086980000)
 Metaspace       used 7609K, capacity 7726K, committed 7936K, reserved 1056768K
  class space    used 960K, capacity 1021K, committed 1024K, reserved 1048576K
}
Event: 4.209 GC heap before
{Heap before GC invocations=2 (full 0):
 PSYoungGen      total 38400K, used 37817K [0x00000000d5c00000, 0x00000000d8680000, 0x0000000100000000)
  eden space 33280K, 100% used [0x00000000d5c00000,0x00000000d7c80000,0x00000000d7c80000)
  from space 5120K, 88% used [0x00000000d7c80000,0x00000000d80ee590,0x00000000d8180000)
  to   space 5120K, 0% used [0x00000000d8180000,0x00000000d8180000,0x00000000d8680000)
 ParOldGen       total 87552K, used 16K [0x0000000081400000, 0x0000000086980000, 0x00000000d5c00000)
  object space 87552K, 0% used [0x0000000081400000,0x0000000081404000,0x0000000086980000)
 Metaspace       used 12283K, capacity 12484K, committed 12672K, reserved 1060864K
  class space    used 1510K, capacity 1579K, committed 1664K, reserved 1048576K
Event: 4.216 GC heap after
Heap after GC invocations=2 (full 0):
 PSYoungGen      total 38400K, used 5109K [0x00000000d5c00000, 0x00000000d8680000, 0x0000000100000000)
  eden space 33280K, 0% used [0x00000000d5c00000,0x00000000d5c00000,0x00000000d7c80000)
  from space 5120K, 99% used [0x00000000d8180000,0x00000000d867d590,0x00000000d8680000)
  to   space 5120K, 0% used [0x00000000d7c80000,0x00000000d7c80000,0x00000000d8180000)
 ParOldGen       total 87552K, used 1705K [0x0000000081400000, 0x0000000086980000, 0x00000000d5c00000)
  object space 87552K, 1% used [0x0000000081400000,0x00000000815aa4a8,0x0000000086980000)
 Metaspace       used 12283K, capacity 12484K, committed 12672K, reserved 1060864K
  class space    used 1510K, capacity 1579K, committed 1664K, reserved 1048576K
}
Event: 12.345 GC heap before
{Heap before GC invocations=3 (full 0):
 PSYoungGen      total 38400K, used 38389K [0x00000000d5c00000, 0x00000000d8680000, 0x0000000100000000)
  eden space 33280K, 100% used [0x00000000d5c00000,0x00000000d7c80000,0x00000000d7c80000)
  from space 5120K, 99% used [0x00000000d8180000,0x00000000d867d590,0x00000000d8680000)
  to   space 5120K, 0% used [0x00000000d7c80000,0x00000000d7c80000,0x00000000d8180000)
 ParOldGen       total 87552K, used 1705K [0x0000000081400000, 0x0000000086980000, 0x00000000d5c00000)
  object space 87552K, 1% used [0x0000000081400000,0x00000000815aa4a8,0x0000000086980000)
 Metaspace       used 13459K, capacity 13816K, committed 14080K, reserved 1060864K
  class space    used 1635K, capacity 1765K, committed 1792K, reserved 1048576K
Event: 12.360 GC heap after
Heap after GC invocations=3 (full 0):
 PSYoungGen      total 38400K, used 5088K [0x00000000d5c00000, 0x00000000d8680000, 0x0000000100000000)
  eden space 33280K, 0% used [0x00000000d5c00000,0x00000000d5c00000,0x00000000d7c80000)
  from space 5120K, 99% used [0x00000000d7c80000,0x00000000d8178040,0x00000000d8180000)
  to   space 5120K, 0% used [0x00000000d8180000,0x00000000d8180000,0x00000000d8680000)
 ParOldGen       total 87552K, used 2707K [0x0000000081400000, 0x0000000086980000, 0x00000000d5c00000)
  object space 87552K, 3% used [0x0000000081400000,0x00000000816a4e78,0x0000000086980000)
 Metaspace       used 13459K, capacity 13816K, committed 14080K, reserved 1060864K
  class space    used 1635K, capacity 1765K, committed 1792K, reserved 1048576K
}

Deoptimization events (10 events):
Event: 3.600 Thread 0x000000000104e000 Uncommon trap: reason=unstable_if action=reinterpret pc=0x0000000002c66ca8 method=java.util.HashMap.hash(Ljava/lang/Object;)I @ 1
Event: 5.656 Thread 0x000000000104e000 Uncommon trap: reason=null_check action=make_not_entrant pc=0x0000000002e5be98 method=org.apache.maven.model.io.xpp3.MavenXpp3Reader.checkFieldWithDuplicate(Lorg/codehaus/plexus/util/xml/pull/XmlPullParser;Ljava/lang/String;Ljava/lang/String;Ljava/util/SetO€_Ä;\@
Event: 5.840 Thread 0x000000000104e000 Uncommon trap: reason=unstable_if action=reinterpret pc=0x0000000002d81950 method=sun.nio.cs.UTF_8$Decoder.decode([BII[C)I @ 30
Event: 6.065 Thread 0x000000000104e000 Uncommon trap: reason=bimorphic action=maybe_recompile pc=0x0000000002cf4654 method=java.util.HashMap.putVal(ILjava/lang/Object;Ljava/lang/Object;ZZ)Ljava/lang/Object; @ 203
Event: 8.121 Thread 0x000000000104e000 Uncommon trap: reason=bimorphic action=maybe_recompile pc=0x0000000002e0dcd4 method=java.util.concurrent.ConcurrentHashMap.get(Ljava/lang/Object;)Ljava/lang/Object; @ 149
Event: 8.856 Thread 0x000000000104e000 Uncommon trap: reason=unstable_if action=reinterpret pc=0x0000000002e55270 method=org.codehaus.plexus.util.xml.pull.MXParser.nextImpl()I @ 912
Event: 8.887 Thread 0x000000000104e000 Uncommon trap: reason=unstable_if action=reinterpret pc=0x0000000002cf4670 method=java.util.HashMap.hash(Ljava/lang/Object;)I @ 1
Event: 8.903 Thread 0x000000000104e000 Uncommon trap: reason=class_check action=maybe_recompile pc=0x0000000002cae94c method=java.util.HashMap.putVal(ILjava/lang/Object;Ljava/lang/Object;ZZ)Ljava/lang/Object; @ 203
Event: 12.377 Thread 0x000000000104e000 Uncommon trap: reason=unstable_if action=reinterpret pc=0x0000000002f244c0 method=java.util.WeakHashMap.expungeStaleEntries()V @ 9
Event: 13.023 Thread 0x000000000104e000 Uncommon trap: reason=unstable_if action=reinterpret pc=0x0000000003002c1c method=java.util.regex.Pattern.has(I)Z @ 6

Internal exceptions (10 events):
Event: 1.410 Thread 0x000000000104e000 Exception <a 'java/lang/NoClassDefFoundError'> (0x00000000d5f24b68) thrown at [C:\re\workspace\8-2-build-windows-amd64-cygwin\jdk8u71\5731\hotspot\src\share\vm\oops\instanceKlass.cpp, line 948]
Event: 1.746 Thread 0x000000000104e000 Implicit null exception at 0x0000000002b64b22 to 0x0000000002b64ce9
Event: 3.600 Thread 0x000000000104e000 Implicit null exception at 0x0000000002d1e155 to 0x0000000002d1e32d
Event: 3.600 Thread 0x000000000104e000 Implicit null exception at 0x0000000002c66c2f to 0x0000000002c66c99
Event: 5.656 Thread 0x000000000104e000 Implicit null exception at 0x0000000002e5bbec to 0x0000000002e5be7d
Event: 6.066 Thread 0x000000000104e000 Exception <a 'java/lang/NoClassDefFoundError': org/slf4j/Logger> (0x00000000d5ebe550) thrown at [C:\re\workspace\8-2-build-windows-amd64-cygwin\jdk8u71\5731\hotspot\src\share\vm\oops\constantPool.cpp, line 235]
Event: 8.057 Thread 0x000000000104e000 Exception <a 'java/lang/NoClassDefFoundError': org/slf4j/Logger> (0x00000000d67e3a80) thrown at [C:\re\workspace\8-2-build-windows-amd64-cygwin\jdk8u71\5731\hotspot\src\share\vm\oops\constantPool.cpp, line 235]
Event: 8.887 Thread 0x000000000104e000 Implicit null exception at 0x0000000002cf3f3b to 0x0000000002cf4655
Event: 11.517 Thread 0x000000000104e000 Exception <a 'java/lang/NoClassDefFoundError': org/slf4j/Logger> (0x00000000d79340a0) thrown at [C:\re\workspace\8-2-build-windows-amd64-cygwin\jdk8u71\5731\hotspot\src\share\vm\oops\constantPool.cpp, line 235]
Event: 12.771 Thread 0x000000000104e000 Exception <a 'java/lang/NoClassDefFoundError': org/slf4j/Logger> (0x00000000d5e7cd40) thrown at [C:\re\workspace\8-2-build-windows-amd64-cygwin\jdk8u71\5731\hotspot\src\share\vm\oops\constantPool.cpp, line 235]

Events (10 events):
Event: 13.019 loading class javax/tools/DiagnosticListener done
Event: 13.023 Thread 0x000000000104e000 Uncommon trap: trap_request=0xffffff65 fr.pc=0x0000000003002c1c
Event: 13.023 Thread 0x000000000104e000 DEOPT PACKING pc=0x0000000003002c1c sp=0x000000000287d440
Event: 13.023 Thread 0x000000000104e000 DEOPT UNPACKING pc=0x00000000029c582a sp=0x000000000287d398 mode 2
Event: 13.035 loading class javax/lang/model/element/TypeElement
Event: 13.035 loading class javax/lang/model/element/QualifiedNameable
Event: 13.035 loading class javax/lang/model/element/QualifiedNameable done
Event: 13.035 loading class javax/lang/model/element/TypeElement done
Event: 13.035 loading class javax/lang/model/element/PackageElement
Event: 13.035 loading class javax/lang/model/element/PackageElement done


Dynamic libraries:
0x00007ff765fa0000 - 0x00007ff765fd7000 	C:\Program Files\Java\jdk1.8.0_71\bin\java.exe
0x00007ff9d0030000 - 0x00007ff9d0201000 	C:\WINDOWS\SYSTEM32\ntdll.dll
0x00007ff9cfba0000 - 0x00007ff9cfc4b000 	C:\WINDOWS\System32\KERNEL32.DLL
0x00007ff9cc800000 - 0x00007ff9cca1d000 	C:\WINDOWS\System32\KERNELBASE.dll
0x00007ff9cfc50000 - 0x00007ff9cfcf2000 	C:\WINDOWS\System32\ADVAPI32.dll
0x00007ff9cf560000 - 0x00007ff9cf5fe000 	C:\WINDOWS\System32\msvcrt.dll
0x00007ff9cd5c0000 - 0x00007ff9cd619000 	C:\WINDOWS\System32\sechost.dll
0x00007ff9cfd20000 - 0x00007ff9cfe41000 	C:\WINDOWS\System32\RPCRT4.dll
0x00007ff9cfe50000 - 0x00007ff9cffb5000 	C:\WINDOWS\System32\USER32.dll
0x00007ff9cca20000 - 0x00007ff9cca3e000 	C:\WINDOWS\System32\win32u.dll
0x00007ff9cef70000 - 0x00007ff9cefa4000 	C:\WINDOWS\System32\GDI32.dll
0x00007ff9cc670000 - 0x00007ff9cc7f2000 	C:\WINDOWS\System32\gdi32full.dll
0x00007ff9c6930000 - 0x00007ff9c6baa000 	C:\WINDOWS\WinSxS\amd64_microsoft.windows.common-controls_6595b64144ccf1df_6.0.14393.953_none_42151e83c686086b\COMCTL32.dll
0x00007ff9cefb0000 - 0x00007ff9cf278000 	C:\WINDOWS\System32\combase.dll
0x00007ff9ccc70000 - 0x00007ff9ccd65000 	C:\WINDOWS\System32\ucrtbase.dll
0x00007ff9ccd70000 - 0x00007ff9ccdda000 	C:\WINDOWS\System32\bcryptPrimitives.dll
0x00007ff9cf280000 - 0x00007ff9cf2ae000 	C:\WINDOWS\System32\IMM32.DLL
0x000000006f0d0000 - 0x000000006f1a2000 	C:\Program Files\Java\jdk1.8.0_71\jre\bin\msvcr100.dll
0x000000006f330000 - 0x000000006fbbf000 	C:\Program Files\Java\jdk1.8.0_71\jre\bin\server\jvm.dll
0x00007ff9cef60000 - 0x00007ff9cef68000 	C:\WINDOWS\System32\PSAPI.DLL
0x00007ff9bbd20000 - 0x00007ff9bbd29000 	C:\WINDOWS\SYSTEM32\WSOCK32.dll
0x00007ff9ca6f0000 - 0x00007ff9ca713000 	C:\WINDOWS\SYSTEM32\WINMM.dll
0x00007ff9cf350000 - 0x00007ff9cf3ba000 	C:\WINDOWS\System32\WS2_32.dll
0x00007ff9c6410000 - 0x00007ff9c641a000 	C:\WINDOWS\SYSTEM32\VERSION.dll
0x00007ff9ca6c0000 - 0x00007ff9ca6eb000 	C:\WINDOWS\SYSTEM32\WINMMBASE.dll
0x00007ff9ccde0000 - 0x00007ff9cce22000 	C:\WINDOWS\System32\cfgmgr32.dll
0x0000000070270000 - 0x000000007027f000 	C:\Program Files\Java\jdk1.8.0_71\jre\bin\verify.dll
0x0000000070240000 - 0x0000000070269000 	C:\Program Files\Java\jdk1.8.0_71\jre\bin\java.dll
0x0000000070220000 - 0x0000000070236000 	C:\Program Files\Java\jdk1.8.0_71\jre\bin\zip.dll
0x00007ff9cda50000 - 0x00007ff9cef58000 	C:\WINDOWS\System32\SHELL32.dll
0x00007ff9cce30000 - 0x00007ff9cd50a000 	C:\WINDOWS\System32\windows.storage.dll
0x00007ff9cc4b0000 - 0x00007ff9cc4fc000 	C:\WINDOWS\System32\powrprof.dll
0x00007ff9cf880000 - 0x00007ff9cf8d2000 	C:\WINDOWS\System32\shlwapi.dll
0x00007ff9cc4a0000 - 0x00007ff9cc4af000 	C:\WINDOWS\System32\kernel.appcore.dll
0x00007ff9cd510000 - 0x00007ff9cd5b9000 	C:\WINDOWS\System32\shcore.dll
0x00007ff9cc500000 - 0x00007ff9cc514000 	C:\WINDOWS\System32\profapi.dll
0x0000000070200000 - 0x000000007021a000 	C:\Program Files\Java\jdk1.8.0_71\jre\bin\net.dll
0x00007ff9cbd60000 - 0x00007ff9cbdbc000 	C:\WINDOWS\system32\mswsock.dll
0x000000006f310000 - 0x000000006f321000 	C:\Program Files\Java\jdk1.8.0_71\jre\bin\nio.dll

VM Arguments:
jvm_args: -Dclassworlds.conf=C:\Program Files\NetBeans 8.2\java\maven\bin\m2.conf -Dmaven.home=C:\Program Files\NetBeans 8.2\java\maven 
java_command: org.codehaus.plexus.classworlds.launcher.Launcher -DskipTests=true -Dmaven.ext.class.path=C:\Program Files\NetBeans 8.2\java\maven-nblib\netbeans-eventspy.jar -Dfile.encoding=UTF-8 clean install
java_class_path (initial): C:\Program Files\NetBeans 8.2\java\maven\boot\plexus-classworlds-2.4.jar
Launcher Type: SUN_STANDARD

Environment Variables:
JAVA_HOME=C:\Program Files\Java\jdk1.8.0_71
PATH=C:\watcom-1.3\binnt;C:\watcom-1.3\binw;C:\ProgramData\Oracle\Java\javapath;C:\Program Files (x86)\Intel\iCLS Client\;C:\Program Files\Intel\iCLS Client\;C:\WINDOWS\system32;C:\WINDOWS;C:\WINDOWS\System32\Wbem;C:\WINDOWS\System32\WindowsPowerShell\v1.0\;C:\Program Files\Hewlett-Packard\SimplePass\;C:\Program Files\Intel\Intel(R) Management Engine Components\DAL;C:\Program Files (x86)\Intel\Intel(R) Management Engine Components\DAL;C:\Program Files\Intel\Intel(R) Management Engine Components\IPT;C:\Program Files (x86)\Intel\Intel(R) Management Engine Components\IPT;C:\Program Files (x86)\Skype\Phone\;C:\WINDOWS\system32\config\systemprofile\.dnx\bin;C:\Program Files\Microsoft DNX\Dnvm\;C:\Program Files\Microsoft SQL Server\130\Tools\Binn\;C:\Users\Amein\AppData\Local\Microsoft\WindowsApps;
USERNAME=Amein
OS=Windows_NT
PROCESSOR_IDENTIFIER=Intel64 Family 6 Model 61 Stepping 4, GenuineIntel



---------------  S Y S T E M  ---------------

OS: Windows 10.0 , 64 bit Build 14393 (10.0.14393.0)

CPU:total 4 (2 cores per cpu, 2 threads per core) family 6 model 61 stepping 4, cmov, cx8, fxsr, mmx, sse, sse2, sse3, ssse3, sse4.1, sse4.2, popcnt, avx, avx2, aes, clmul, erms, 3dnowpref, lzcnt, ht, tsc, tscinvbit, bmi1, bmi2, adx

Memory: 4k page, physical 8301968k(2147204k free), swap 10257808k(4100k free)

vm_info: Java HotSpot(TM) 64-Bit Server VM (25.71-b15) for windows-amd64 JRE (1.8.0_71-b15), built on Dec 22 2015 18:15:55 by "java_re" with MS VC++ 10.0 (VS2010)

time: Fri Apr 21 14:31:11 2017
elapsed time: 13 seconds (0d 0h 0m 13s)

