#
# There is insufficient memory for the Java Runtime Environment to continue.
# Native memory allocation (malloc) failed to allocate 32744 bytes for ChunkPool::allocate
# Possible reasons:
#   The system is out of physical RAM or swap space
#   In 32 bit mode, the process size limit was hit
# Possible solutions:
#   Reduce memory load on the system
#   Increase physical memory or swap space
#   Check if swap backing store is full
#   Use 64 bit Java on a 64 bit OS
#   Decrease Java heap size (-Xmx/-Xms)
#   Decrease number of Java threads
#   Decrease Java thread stack sizes (-Xss)
#   Set larger code cache with -XX:ReservedCodeCacheSize=
# This output file may be truncated or incomplete.
#
#  Out of Memory Error (allocation.cpp:273), pid=6912, tid=8764
#
# JRE version: Java(TM) SE Runtime Environment (8.0_71-b15) (build 1.8.0_71-b15)
# Java VM: Java HotSpot(TM) 64-Bit Server VM (25.71-b15 mixed mode windows-amd64 compressed oops)
# Failed to write core dump. Minidumps are not enabled by default on client versions of Windows
#

---------------  T H R E A D  ---------------

Current thread (0x0000000016ede000):  JavaThread "C2 CompilerThread0" daemon [_thread_in_native, id=8764, stack(0x0000000018530000,0x0000000018630000)]

Stack: [0x0000000018530000,0x0000000018630000]
[error occurred during error reporting (printing stack bounds), id 0xc0000005]

Native frames: (J=compiled Java code, j=interpreted, Vv=VM code, C=native code)


Current CompileTask:
C2:   9457 2205   !   4       java.net.URLClassLoader$1::run (63 bytes)


---------------  P R O C E S S  ---------------

Java Threads: ( => current thread )
  0x0000000016f3b800 JavaThread "Service Thread" daemon [_thread_blocked, id=10748, stack(0x0000000018c30000,0x0000000018d30000)]
  0x0000000016f32000 JavaThread "C1 CompilerThread2" daemon [_thread_blocked, id=1960, stack(0x0000000018730000,0x0000000018830000)]
  0x0000000016ee0000 JavaThread "C2 CompilerThread1" daemon [_thread_in_native, id=84, stack(0x0000000018630000,0x0000000018730000)]
=>0x0000000016ede000 JavaThread "C2 CompilerThread0" daemon [_thread_in_native, id=8764, stack(0x0000000018530000,0x0000000018630000)]
  0x0000000016edc000 JavaThread "Attach Listener" daemon [_thread_blocked, id=14772, stack(0x0000000018430000,0x0000000018530000)]
  0x0000000016eda800 JavaThread "Signal Dispatcher" daemon [_thread_blocked, id=9016, stack(0x0000000018330000,0x0000000018430000)]
  0x0000000002367000 JavaThread "Finalizer" daemon [_thread_blocked, id=7564, stack(0x0000000018140000,0x0000000018240000)]
  0x000000000235e000 JavaThread "Reference Handler" daemon [_thread_blocked, id=164, stack(0x0000000018040000,0x0000000018140000)]
  0x000000000086e000 JavaThread "main" [_thread_in_vm, id=12272, stack(0x0000000002170000,0x0000000002270000)]

Other Threads:
  0x0000000016ea8800 VMThread [stack: 0x0000000017f40000,0x0000000018040000] [id=12212]
  0x000000001885b000 WatcherThread [stack: 0x0000000018d30000,0x0000000018e30000] [id=7776]

VM state:not at safepoint (normal execution)

VM Mutex/Monitor currently owned by a thread: None

Heap:
 PSYoungGen      total 38400K, used 12161K [0x00000000d5c00000, 0x00000000da700000, 0x0000000100000000)
  eden space 33280K, 21% used [0x00000000d5c00000,0x00000000d62e4498,0x00000000d7c80000)
  from space 5120K, 99% used [0x00000000d7c80000,0x00000000d817c010,0x00000000d8180000)
  to   space 5120K, 0% used [0x00000000da200000,0x00000000da200000,0x00000000da700000)
 ParOldGen       total 87552K, used 2806K [0x0000000081400000, 0x0000000086980000, 0x00000000d5c00000)
  object space 87552K, 3% used [0x0000000081400000,0x00000000816bdad0,0x0000000086980000)
 Metaspace       used 14308K, capacity 14716K, committed 14976K, reserved 1062912K
  class space    used 1741K, capacity 1877K, committed 1920K, reserved 1048576K

Card table byte_map: [0x0000000011730000,0x0000000011b30000] byte_map_base: 0x0000000011326000

Marking Bits: (ParMarkBitMap*) 0x0000000066e6f600
 Begin Bits: [0x00000000121e0000, 0x0000000014190000)
 End Bits:   [0x0000000014190000, 0x0000000016140000)

Polling page: 0x0000000000850000

CodeCache: size=245760Kb used=7325Kb max_used=7336Kb free=238434Kb
 bounds [0x0000000002370000, 0x0000000002ab0000, 0x0000000011370000]
 total_blobs=2531 nmethods=2203 adapters=240
 compilation: enabled

Compilation events (10 events):
Event: 8.487 Thread 0x0000000016f32000 2200       3       java.util.concurrent.ConcurrentHashMap::put (8 bytes)
Event: 8.487 Thread 0x0000000016f32000 nmethod 2200 0x0000000002a9ae10 code [0x0000000002a9af80, 0x0000000002a9b188]
Event: 8.493 Thread 0x0000000016ee0000 2201       4       java.lang.Throwable::<init> (39 bytes)
Event: 8.494 Thread 0x0000000016ede000 2202       4       java.lang.ReflectiveOperationException::<init> (7 bytes)
Event: 8.496 Thread 0x0000000016ee0000 nmethod 2201 0x0000000002a94350 code [0x0000000002a944a0, 0x0000000002a94808]
Event: 8.496 Thread 0x0000000016ede000 nmethod 2202 0x0000000002a93d10 code [0x0000000002a93e60, 0x0000000002a941c8]
Event: 8.514 Thread 0x0000000016f32000 2203       1       sun.util.locale.BaseLocale::getLanguage (5 bytes)
Event: 8.514 Thread 0x0000000016f32000 nmethod 2203 0x0000000002a85790 code [0x0000000002a858e0, 0x0000000002a859f0]
Event: 8.665 Thread 0x0000000016ee0000 2204       4       java.net.URLClassLoader$1::run (5 bytes)
Event: 8.719 Thread 0x0000000016ede000 2205   !   4       java.net.URLClassLoader$1::run (63 bytes)

GC Heap History (6 events):
Event: 2.089 GC heap before
{Heap before GC invocations=1 (full 0):
 PSYoungGen      total 38400K, used 33280K [0x00000000d5c00000, 0x00000000d8680000, 0x0000000100000000)
  eden space 33280K, 100% used [0x00000000d5c00000,0x00000000d7c80000,0x00000000d7c80000)
  from space 5120K, 0% used [0x00000000d8180000,0x00000000d8180000,0x00000000d8680000)
  to   space 5120K, 0% used [0x00000000d7c80000,0x00000000d7c80000,0x00000000d8180000)
 ParOldGen       total 87552K, used 0K [0x0000000081400000, 0x0000000086980000, 0x00000000d5c00000)
  object space 87552K, 0% used [0x0000000081400000,0x0000000081400000,0x0000000086980000)
 Metaspace       used 7636K, capacity 7790K, committed 7936K, reserved 1056768K
  class space    used 960K, capacity 1021K, committed 1024K, reserved 1048576K
Event: 2.112 GC heap after
Heap after GC invocations=1 (full 0):
 PSYoungGen      total 38400K, used 4523K [0x00000000d5c00000, 0x00000000da700000, 0x0000000100000000)
  eden space 33280K, 0% used [0x00000000d5c00000,0x00000000d5c00000,0x00000000d7c80000)
  from space 5120K, 88% used [0x00000000d7c80000,0x00000000d80eaf00,0x00000000d8180000)
  to   space 5120K, 0% used [0x00000000da200000,0x00000000da200000,0x00000000da700000)
 ParOldGen       total 87552K, used 8K [0x0000000081400000, 0x0000000086980000, 0x00000000d5c00000)
  object space 87552K, 0% used [0x0000000081400000,0x0000000081402000,0x0000000086980000)
 Metaspace       used 7636K, capacity 7790K, committed 7936K, reserved 1056768K
  class space    used 960K, capacity 1021K, committed 1024K, reserved 1048576K
}
Event: 4.954 GC heap before
{Heap before GC invocations=2 (full 0):
 PSYoungGen      total 38400K, used 37803K [0x00000000d5c00000, 0x00000000da700000, 0x0000000100000000)
  eden space 33280K, 100% used [0x00000000d5c00000,0x00000000d7c80000,0x00000000d7c80000)
  from space 5120K, 88% used [0x00000000d7c80000,0x00000000d80eaf00,0x00000000d8180000)
  to   space 5120K, 0% used [0x00000000da200000,0x00000000da200000,0x00000000da700000)
 ParOldGen       total 87552K, used 8K [0x0000000081400000, 0x0000000086980000, 0x00000000d5c00000)
  object space 87552K, 0% used [0x0000000081400000,0x0000000081402000,0x0000000086980000)
 Metaspace       used 12263K, capacity 12452K, committed 12672K, reserved 1060864K
  class space    used 1504K, capacity 1547K, committed 1664K, reserved 1048576K
Event: 4.972 GC heap after
Heap after GC invocations=2 (full 0):
 PSYoungGen      total 38400K, used 5095K [0x00000000d5c00000, 0x00000000da700000, 0x0000000100000000)
  eden space 33280K, 0% used [0x00000000d5c00000,0x00000000d5c00000,0x00000000d7c80000)
  from space 5120K, 99% used [0x00000000da200000,0x00000000da6f9e88,0x00000000da700000)
  to   space 5120K, 0% used [0x00000000d7c80000,0x00000000d7c80000,0x00000000d8180000)
 ParOldGen       total 87552K, used 1725K [0x0000000081400000, 0x0000000086980000, 0x00000000d5c00000)
  object space 87552K, 1% used [0x0000000081400000,0x00000000815af468,0x0000000086980000)
 Metaspace       used 12263K, capacity 12452K, committed 12672K, reserved 1060864K
  class space    used 1504K, capacity 1547K, committed 1664K, reserved 1048576K
}
Event: 7.564 GC heap before
{Heap before GC invocations=3 (full 0):
 PSYoungGen      total 38400K, used 38375K [0x00000000d5c00000, 0x00000000da700000, 0x0000000100000000)
  eden space 33280K, 100% used [0x00000000d5c00000,0x00000000d7c80000,0x00000000d7c80000)
  from space 5120K, 99% used [0x00000000da200000,0x00000000da6f9e88,0x00000000da700000)
  to   space 5120K, 0% used [0x00000000d7c80000,0x00000000d7c80000,0x00000000d8180000)
 ParOldGen       total 87552K, used 1725K [0x0000000081400000, 0x0000000086980000, 0x00000000d5c00000)
  object space 87552K, 1% used [0x0000000081400000,0x00000000815af468,0x0000000086980000)
 Metaspace       used 13467K, capacity 13816K, committed 14080K, reserved 1060864K
  class space    used 1633K, capacity 1765K, committed 1792K, reserved 1048576K
Event: 7.924 GC heap after
Heap after GC invocations=3 (full 0):
 PSYoungGen      total 38400K, used 5104K [0x00000000d5c00000, 0x00000000da700000, 0x0000000100000000)
  eden space 33280K, 0% used [0x00000000d5c00000,0x00000000d5c00000,0x00000000d7c80000)
  from space 5120K, 99% used [0x00000000d7c80000,0x00000000d817c010,0x00000000d8180000)
  to   space 5120K, 0% used [0x00000000da200000,0x00000000da200000,0x00000000da700000)
 ParOldGen       total 87552K, used 2806K [0x0000000081400000, 0x0000000086980000, 0x00000000d5c00000)
  object space 87552K, 3% used [0x0000000081400000,0x00000000816bdad0,0x0000000086980000)
 Metaspace       used 13467K, capacity 13816K, committed 14080K, reserved 1060864K
  class space    used 1633K, capacity 1765K, committed 1792K, reserved 1048576K
}

Deoptimization events (10 events):
Event: 5.130 Thread 0x000000000086e000 Uncommon trap: reason=null_check action=make_not_entrant pc=0x00000000028574d8 method=org.apache.maven.model.io.xpp3.MavenXpp3Reader.checkFieldWithDuplicate(Lorg/codehaus/plexus/util/xml/pull/XmlPullParser;Ljava/lang/String;Ljava/lang/String;Ljava/util/Set<ир!­Њ@
Event: 5.137 Thread 0x000000000086e000 Uncommon trap: reason=unstable_if action=reinterpret pc=0x00000000027966d0 method=sun.nio.cs.UTF_8$Decoder.decode([BII[C)I @ 30
Event: 5.285 Thread 0x000000000086e000 Uncommon trap: reason=bimorphic action=maybe_recompile pc=0x000000000280c450 method=java.util.concurrent.ConcurrentHashMap.get(Ljava/lang/Object;)Ljava/lang/Object; @ 149
Event: 5.855 Thread 0x000000000086e000 Uncommon trap: reason=bimorphic action=maybe_recompile pc=0x000000000280c450 method=java.util.concurrent.ConcurrentHashMap.get(Ljava/lang/Object;)Ljava/lang/Object; @ 149
Event: 5.984 Thread 0x000000000086e000 Uncommon trap: reason=unstable_if action=reinterpret pc=0x000000000284308c method=org.codehaus.plexus.util.xml.pull.MXParser.nextImpl()I @ 912
Event: 6.025 Thread 0x000000000086e000 Uncommon trap: reason=unstable_if action=reinterpret pc=0x00000000026fef98 method=java.util.HashMap.hash(Ljava/lang/Object;)I @ 1
Event: 6.025 Thread 0x000000000086e000 Uncommon trap: reason=bimorphic action=maybe_recompile pc=0x000000000280c450 method=java.util.concurrent.ConcurrentHashMap.get(Ljava/lang/Object;)Ljava/lang/Object; @ 149
Event: 6.026 Thread 0x000000000086e000 Uncommon trap: reason=bimorphic action=maybe_recompile pc=0x000000000280c450 method=java.util.concurrent.ConcurrentHashMap.get(Ljava/lang/Object;)Ljava/lang/Object; @ 149
Event: 6.405 Thread 0x000000000086e000 Uncommon trap: reason=class_check action=maybe_recompile pc=0x00000000026b7458 method=java.util.HashMap.putVal(ILjava/lang/Object;Ljava/lang/Object;ZZ)Ljava/lang/Object; @ 203
Event: 7.931 Thread 0x000000000086e000 Uncommon trap: reason=unstable_if action=reinterpret pc=0x000000000291e640 method=java.util.WeakHashMap.expungeStaleEntries()V @ 9

Internal exceptions (10 events):
Event: 2.242 Thread 0x000000000086e000 Exception <a 'java/lang/NoClassDefFoundError': org/slf4j/LoggerFactory> (0x00000000d5f22be0) thrown at [C:\re\workspace\8-2-build-windows-amd64-cygwin\jdk8u71\5731\hotspot\src\share\vm\classfile\systemDictionary.cpp, line 199]
Event: 2.242 Thread 0x000000000086e000 Exception <a 'java/lang/NoClassDefFoundError'> (0x00000000d5f22be0) thrown at [C:\re\workspace\8-2-build-windows-amd64-cygwin\jdk8u71\5731\hotspot\src\share\vm\oops\instanceKlass.cpp, line 948]
Event: 4.810 Thread 0x000000000086e000 Implicit null exception at 0x0000000002721c15 to 0x0000000002721ded
Event: 4.810 Thread 0x000000000086e000 Implicit null exception at 0x000000000266aeef to 0x000000000266af59
Event: 5.130 Thread 0x000000000086e000 Implicit null exception at 0x000000000285722c to 0x00000000028574bd
Event: 5.277 Thread 0x000000000086e000 Exception <a 'java/lang/NoClassDefFoundError': org/slf4j/Logger> (0x00000000d5edaa08) thrown at [C:\re\workspace\8-2-build-windows-amd64-cygwin\jdk8u71\5731\hotspot\src\share\vm\oops\constantPool.cpp, line 235]
Event: 5.772 Thread 0x000000000086e000 Exception <a 'java/lang/NoClassDefFoundError': org/slf4j/Logger> (0x00000000d6805a70) thrown at [C:\re\workspace\8-2-build-windows-amd64-cygwin\jdk8u71\5731\hotspot\src\share\vm\oops\constantPool.cpp, line 235]
Event: 6.025 Thread 0x000000000086e000 Implicit null exception at 0x00000000026fe83b to 0x00000000026fef7d
Event: 7.066 Thread 0x000000000086e000 Exception <a 'java/lang/NoClassDefFoundError': org/slf4j/Logger> (0x00000000d7960ee8) thrown at [C:\re\workspace\8-2-build-windows-amd64-cygwin\jdk8u71\5731\hotspot\src\share\vm\oops\constantPool.cpp, line 235]
Event: 8.170 Thread 0x000000000086e000 Exception <a 'java/lang/NoClassDefFoundError': org/slf4j/Logger> (0x00000000d5ecbfa8) thrown at [C:\re\workspace\8-2-build-windows-amd64-cygwin\jdk8u71\5731\hotspot\src\share\vm\oops\constantPool.cpp, line 235]

Events (10 events):
Event: 8.660 loading class javax/lang/model/type/PrimitiveType
Event: 8.660 loading class javax/lang/model/type/PrimitiveType done
Event: 8.660 loading class javax/lang/model/type/TypeVariable
Event: 8.660 loading class javax/lang/model/type/TypeVariable done
Event: 8.660 loading class javax/lang/model/type/WildcardType
Event: 8.660 loading class javax/lang/model/type/WildcardType done
Event: 8.664 loading class javax/lang/model/element/ExecutableElement
Event: 8.664 loading class javax/lang/model/element/Parameterizable
Event: 8.664 loading class javax/lang/model/element/Parameterizable done
Event: 8.664 loading class javax/lang/model/element/ExecutableElement done


Dynamic libraries:
0x00007ff6562e0000 - 0x00007ff656317000 	C:\Program Files\Java\jdk1.8.0_71\bin\java.exe
0x00007ffc0d300000 - 0x00007ffc0d4d1000 	C:\WINDOWS\SYSTEM32\ntdll.dll
0x00007ffc0c780000 - 0x00007ffc0c82b000 	C:\WINDOWS\System32\KERNEL32.DLL
0x00007ffc09ad0000 - 0x00007ffc09ced000 	C:\WINDOWS\System32\KERNELBASE.dll
0x00007ffc0c4c0000 - 0x00007ffc0c562000 	C:\WINDOWS\System32\ADVAPI32.dll
0x00007ffc0c9f0000 - 0x00007ffc0ca8e000 	C:\WINDOWS\System32\msvcrt.dll
0x00007ffc0ce10000 - 0x00007ffc0ce69000 	C:\WINDOWS\System32\sechost.dll
0x00007ffc0c330000 - 0x00007ffc0c451000 	C:\WINDOWS\System32\RPCRT4.dll
0x00007ffc0ca90000 - 0x00007ffc0cbf5000 	C:\WINDOWS\System32\USER32.dll
0x00007ffc09f00000 - 0x00007ffc09f1e000 	C:\WINDOWS\System32\win32u.dll
0x00007ffc0c0f0000 - 0x00007ffc0c124000 	C:\WINDOWS\System32\GDI32.dll
0x00007ffc09940000 - 0x00007ffc09ac2000 	C:\WINDOWS\System32\gdi32full.dll
0x00007ffc00570000 - 0x00007ffc007ea000 	C:\WINDOWS\WinSxS\amd64_microsoft.windows.common-controls_6595b64144ccf1df_6.0.14393.953_none_42151e83c686086b\COMCTL32.dll
0x00007ffc0be20000 - 0x00007ffc0c0e8000 	C:\WINDOWS\System32\combase.dll
0x00007ffc09d50000 - 0x00007ffc09e45000 	C:\WINDOWS\System32\ucrtbase.dll
0x00007ffc09f20000 - 0x00007ffc09f8a000 	C:\WINDOWS\System32\bcryptPrimitives.dll
0x00007ffc0c6e0000 - 0x00007ffc0c70e000 	C:\WINDOWS\System32\IMM32.DLL
0x0000000066330000 - 0x0000000066402000 	C:\Program Files\Java\jdk1.8.0_71\jre\bin\msvcr100.dll
0x0000000066660000 - 0x0000000066eef000 	C:\Program Files\Java\jdk1.8.0_71\jre\bin\server\jvm.dll
0x00007ffc0a890000 - 0x00007ffc0a898000 	C:\WINDOWS\System32\PSAPI.DLL
0x00007ffbfb1b0000 - 0x00007ffbfb1b9000 	C:\WINDOWS\SYSTEM32\WSOCK32.dll
0x00007ffc0c710000 - 0x00007ffc0c77a000 	C:\WINDOWS\System32\WS2_32.dll
0x00007ffc06f20000 - 0x00007ffc06f43000 	C:\WINDOWS\SYSTEM32\WINMM.dll
0x00007ffc001e0000 - 0x00007ffc001ea000 	C:\WINDOWS\SYSTEM32\VERSION.dll
0x00007ffc06ec0000 - 0x00007ffc06eeb000 	C:\WINDOWS\SYSTEM32\WINMMBASE.dll
0x00007ffc0a840000 - 0x00007ffc0a882000 	C:\WINDOWS\System32\cfgmgr32.dll
0x0000000066650000 - 0x000000006665f000 	C:\Program Files\Java\jdk1.8.0_71\jre\bin\verify.dll
0x0000000066620000 - 0x0000000066649000 	C:\Program Files\Java\jdk1.8.0_71\jre\bin\java.dll
0x0000000066600000 - 0x0000000066616000 	C:\Program Files\Java\jdk1.8.0_71\jre\bin\zip.dll
0x00007ffc0a910000 - 0x00007ffc0be18000 	C:\WINDOWS\System32\SHELL32.dll
0x00007ffc0a160000 - 0x00007ffc0a83a000 	C:\WINDOWS\System32\windows.storage.dll
0x00007ffc09770000 - 0x00007ffc097bc000 	C:\WINDOWS\System32\powrprof.dll
0x00007ffc0ce70000 - 0x00007ffc0cec2000 	C:\WINDOWS\System32\shlwapi.dll
0x00007ffc09760000 - 0x00007ffc0976f000 	C:\WINDOWS\System32\kernel.appcore.dll
0x00007ffc09890000 - 0x00007ffc09939000 	C:\WINDOWS\System32\shcore.dll
0x00007ffc097c0000 - 0x00007ffc097d4000 	C:\WINDOWS\System32\profapi.dll
0x00000000665e0000 - 0x00000000665fa000 	C:\Program Files\Java\jdk1.8.0_71\jre\bin\net.dll
0x00007ffc09030000 - 0x00007ffc0908c000 	C:\WINDOWS\system32\mswsock.dll
0x0000000066570000 - 0x0000000066581000 	C:\Program Files\Java\jdk1.8.0_71\jre\bin\nio.dll

VM Arguments:
jvm_args: -Dclassworlds.conf=C:\Program Files\NetBeans 8.2\java\maven\bin\m2.conf -Dmaven.home=C:\Program Files\NetBeans 8.2\java\maven 
java_command: org.codehaus.plexus.classworlds.launcher.Launcher -DskipTests=true -Dmaven.ext.class.path=C:\Program Files\NetBeans 8.2\java\maven-nblib\netbeans-eventspy.jar -Dfile.encoding=UTF-8 clean install
java_class_path (initial): C:\Program Files\NetBeans 8.2\java\maven\boot\plexus-classworlds-2.4.jar
Launcher Type: SUN_STANDARD

Environment Variables:
JAVA_HOME=C:\Program Files\Java\jdk1.8.0_71
PATH=C:\watcom-1.3\binnt;C:\watcom-1.3\binw;C:\ProgramData\Oracle\Java\javapath;C:\Program Files (x86)\Intel\iCLS Client\;C:\Program Files\Intel\iCLS Client\;C:\WINDOWS\system32;C:\WINDOWS;C:\WINDOWS\System32\Wbem;C:\WINDOWS\System32\WindowsPowerShell\v1.0\;C:\Program Files\Hewlett-Packard\SimplePass\;C:\Program Files\Intel\Intel(R) Management Engine Components\DAL;C:\Program Files (x86)\Intel\Intel(R) Management Engine Components\DAL;C:\Program Files\Intel\Intel(R) Management Engine Components\IPT;C:\Program Files (x86)\Intel\Intel(R) Management Engine Components\IPT;C:\Program Files (x86)\Skype\Phone\;C:\WINDOWS\system32\config\systemprofile\.dnx\bin;C:\Program Files\Microsoft DNX\Dnvm\;C:\Program Files\Microsoft SQL Server\130\Tools\Binn\;C:\Users\Amein\AppData\Local\Microsoft\WindowsApps;
USERNAME=Amein
OS=Windows_NT
PROCESSOR_IDENTIFIER=Intel64 Family 6 Model 61 Stepping 4, GenuineIntel



---------------  S Y S T E M  ---------------

OS: Windows 10.0 , 64 bit Build 14393 (10.0.14393.0)

CPU:total 4 (2 cores per cpu, 2 threads per core) family 6 model 61 stepping 4, cmov, cx8, fxsr, mmx, sse, sse2, sse3, ssse3, sse4.1, sse4.2, popcnt, avx, avx2, aes, clmul, erms, 3dnowpref, lzcnt, ht, tsc, tscinvbit, bmi1, bmi2, adx

Memory: 4k page, physical 8301968k(1527956k free), swap 10257808k(124k free)

vm_info: Java HotSpot(TM) 64-Bit Server VM (25.71-b15) for windows-amd64 JRE (1.8.0_71-b15), built on Dec 22 2015 18:15:55 by "java_re" with MS VC++ 10.0 (VS2010)

time: Tue Apr 25 17:37:13 2017
elapsed time: 9 seconds (0d 0h 0m 9s)

