#
# There is insufficient memory for the Java Runtime Environment to continue.
# Native memory allocation (malloc) failed to allocate 841808 bytes for Chunk::new
# Possible reasons:
#   The system is out of physical RAM or swap space
#   In 32 bit mode, the process size limit was hit
# Possible solutions:
#   Reduce memory load on the system
#   Increase physical memory or swap space
#   Check if swap backing store is full
#   Use 64 bit Java on a 64 bit OS
#   Decrease Java heap size (-Xmx/-Xms)
#   Decrease number of Java threads
#   Decrease Java thread stack sizes (-Xss)
#   Set larger code cache with -XX:ReservedCodeCacheSize=
# This output file may be truncated or incomplete.
#
#  Out of Memory Error (allocation.cpp:390), pid=11080, tid=14624
#
# JRE version: Java(TM) SE Runtime Environment (8.0_71-b15) (build 1.8.0_71-b15)
# Java VM: Java HotSpot(TM) 64-Bit Server VM (25.71-b15 mixed mode windows-amd64 compressed oops)
# Failed to write core dump. Minidumps are not enabled by default on client versions of Windows
#

---------------  T H R E A D  ---------------

Current thread (0x0000000017617000):  JavaThread "C2 CompilerThread1" daemon [_thread_in_native, id=14624, stack(0x0000000018d60000,0x0000000018e60000)]

Stack: [0x0000000018d60000,0x0000000018e60000]
[error occurred during error reporting (printing stack bounds), id 0xc0000005]

Native frames: (J=compiled Java code, j=interpreted, Vv=VM code, C=native code)


Current CompileTask:
C2:   8736 2272       4       java.io.WinNTFileSystem::normalize (143 bytes)


---------------  P R O C E S S  ---------------

Java Threads: ( => current thread )
  0x0000000018f90800 JavaThread "Service Thread" daemon [_thread_blocked, id=14348, stack(0x0000000019360000,0x0000000019460000)]
  0x0000000017615800 JavaThread "C1 CompilerThread2" daemon [_thread_blocked, id=8548, stack(0x0000000018e60000,0x0000000018f60000)]
=>0x0000000017617000 JavaThread "C2 CompilerThread1" daemon [_thread_in_native, id=14624, stack(0x0000000018d60000,0x0000000018e60000)]
  0x000000001760e000 JavaThread "C2 CompilerThread0" daemon [_thread_in_native, id=14972, stack(0x0000000018c60000,0x0000000018d60000)]
  0x000000001760c000 JavaThread "Attach Listener" daemon [_thread_blocked, id=12048, stack(0x0000000018b60000,0x0000000018c60000)]
  0x000000001760b000 JavaThread "Signal Dispatcher" daemon [_thread_blocked, id=8228, stack(0x0000000018a60000,0x0000000018b60000)]
  0x00000000029e7000 JavaThread "Finalizer" daemon [_thread_blocked, id=10860, stack(0x0000000018870000,0x0000000018970000)]
  0x00000000029de000 JavaThread "Reference Handler" daemon [_thread_blocked, id=12896, stack(0x0000000018770000,0x0000000018870000)]
  0x0000000002a9e000 JavaThread "main" [_thread_in_native, id=11472, stack(0x0000000002750000,0x0000000002850000)]

Other Threads:
  0x00000000175d8800 VMThread [stack: 0x0000000018670000,0x0000000018770000] [id=14908]
  0x000000001766e800 WatcherThread [stack: 0x0000000019460000,0x0000000019560000] [id=4020]

VM state:not at safepoint (normal execution)

VM Mutex/Monitor currently owned by a thread: None

Heap:
 PSYoungGen      total 38400K, used 34489K [0x00000000d5c00000, 0x00000000d8680000, 0x0000000100000000)
  eden space 33280K, 88% used [0x00000000d5c00000,0x00000000d78b24a0,0x00000000d7c80000)
  from space 5120K, 99% used [0x00000000d7c80000,0x00000000d817c030,0x00000000d8180000)
  to   space 5120K, 0% used [0x00000000d8180000,0x00000000d8180000,0x00000000d8680000)
 ParOldGen       total 87552K, used 2846K [0x0000000081400000, 0x0000000086980000, 0x00000000d5c00000)
  object space 87552K, 3% used [0x0000000081400000,0x00000000816c78b0,0x0000000086980000)
 Metaspace       used 17679K, capacity 18204K, committed 18304K, reserved 1064960K
  class space    used 2182K, capacity 2357K, committed 2432K, reserved 1048576K

Card table byte_map: [0x0000000011e60000,0x0000000012260000] byte_map_base: 0x0000000011a56000

Marking Bits: (ParMarkBitMap*) 0x000000006fb3f600
 Begin Bits: [0x0000000012910000, 0x00000000148c0000)
 End Bits:   [0x00000000148c0000, 0x0000000016870000)

Polling page: 0x0000000000cd0000

CodeCache: size=245760Kb used=7803Kb max_used=7803Kb free=237956Kb
 bounds [0x0000000002aa0000, 0x0000000003250000, 0x0000000011aa0000]
 total_blobs=2740 nmethods=2387 adapters=265
 compilation: enabled

Compilation events (10 events):
Event: 8.672 Thread 0x0000000017615800 nmethod 2391 0x000000000323a7d0 code [0x000000000323a920, 0x000000000323aaf0]
Event: 8.673 Thread 0x0000000017615800 2392       2       com.sun.tools.javac.code.Scope::makeEntry (13 bytes)
Event: 8.673 Thread 0x0000000017615800 nmethod 2392 0x000000000323ab90 code [0x000000000323ace0, 0x000000000323aed0]
Event: 8.673 Thread 0x0000000017615800 2373  s!   2       com.sun.tools.javac.file.ZipFileIndex::getZipIndexEntry (43 bytes)
Event: 8.673 Thread 0x0000000017615800 nmethod 2373 0x000000000323af90 code [0x000000000323b140, 0x000000000323b5a8]
Event: 8.673 Thread 0x0000000017615800 2374       2       com.sun.tools.javac.file.RelativePath$RelativeFile::dirname (29 bytes)
Event: 8.673 Thread 0x0000000017615800 nmethod 2374 0x000000000323b850 code [0x000000000323b9e0, 0x000000000323bc28]
Event: 8.678 Thread 0x0000000017615800 2393       2       com.sun.tools.javac.jvm.ClassReader::nextChar (46 bytes)
Event: 8.678 Thread 0x0000000017615800 nmethod 2393 0x000000000323bdd0 code [0x000000000323bf20, 0x000000000323c0d0]
Event: 8.679 Thread 0x0000000017615800 2394       2       com.sun.tools.javac.jvm.ClassReader::sigToType (880 bytes)

GC Heap History (6 events):
Event: 1.390 GC heap before
{Heap before GC invocations=1 (full 0):
 PSYoungGen      total 38400K, used 33280K [0x00000000d5c00000, 0x00000000d8680000, 0x0000000100000000)
  eden space 33280K, 100% used [0x00000000d5c00000,0x00000000d7c80000,0x00000000d7c80000)
  from space 5120K, 0% used [0x00000000d8180000,0x00000000d8180000,0x00000000d8680000)
  to   space 5120K, 0% used [0x00000000d7c80000,0x00000000d7c80000,0x00000000d8180000)
 ParOldGen       total 87552K, used 0K [0x0000000081400000, 0x0000000086980000, 0x00000000d5c00000)
  object space 87552K, 0% used [0x0000000081400000,0x0000000081400000,0x0000000086980000)
 Metaspace       used 7611K, capacity 7790K, committed 7936K, reserved 1056768K
  class space    used 960K, capacity 1021K, committed 1024K, reserved 1048576K
Event: 1.397 GC heap after
Heap after GC invocations=1 (full 0):
 PSYoungGen      total 38400K, used 4505K [0x00000000d5c00000, 0x00000000d8680000, 0x0000000100000000)
  eden space 33280K, 0% used [0x00000000d5c00000,0x00000000d5c00000,0x00000000d7c80000)
  from space 5120K, 88% used [0x00000000d7c80000,0x00000000d80e6760,0x00000000d8180000)
  to   space 5120K, 0% used [0x00000000d8180000,0x00000000d8180000,0x00000000d8680000)
 ParOldGen       total 87552K, used 8K [0x0000000081400000, 0x0000000086980000, 0x00000000d5c00000)
  object space 87552K, 0% used [0x0000000081400000,0x0000000081402000,0x0000000086980000)
 Metaspace       used 7611K, capacity 7790K, committed 7936K, reserved 1056768K
  class space    used 960K, capacity 1021K, committed 1024K, reserved 1048576K
}
Event: 3.339 GC heap before
{Heap before GC invocations=2 (full 0):
 PSYoungGen      total 38400K, used 37785K [0x00000000d5c00000, 0x00000000d8680000, 0x0000000100000000)
  eden space 33280K, 100% used [0x00000000d5c00000,0x00000000d7c80000,0x00000000d7c80000)
  from space 5120K, 88% used [0x00000000d7c80000,0x00000000d80e6760,0x00000000d8180000)
  to   space 5120K, 0% used [0x00000000d8180000,0x00000000d8180000,0x00000000d8680000)
 ParOldGen       total 87552K, used 8K [0x0000000081400000, 0x0000000086980000, 0x00000000d5c00000)
  object space 87552K, 0% used [0x0000000081400000,0x0000000081402000,0x0000000086980000)
 Metaspace       used 12271K, capacity 12548K, committed 12928K, reserved 1060864K
  class space    used 1507K, capacity 1579K, committed 1664K, reserved 1048576K
Event: 3.348 GC heap after
Heap after GC invocations=2 (full 0):
 PSYoungGen      total 38400K, used 5104K [0x00000000d5c00000, 0x00000000d8680000, 0x0000000100000000)
  eden space 33280K, 0% used [0x00000000d5c00000,0x00000000d5c00000,0x00000000d7c80000)
  from space 5120K, 99% used [0x00000000d8180000,0x00000000d867c138,0x00000000d8680000)
  to   space 5120K, 0% used [0x00000000d7c80000,0x00000000d7c80000,0x00000000d8180000)
 ParOldGen       total 87552K, used 1751K [0x0000000081400000, 0x0000000086980000, 0x00000000d5c00000)
  object space 87552K, 2% used [0x0000000081400000,0x00000000815b5e70,0x0000000086980000)
 Metaspace       used 12271K, capacity 12548K, committed 12928K, reserved 1060864K
  class space    used 1507K, capacity 1579K, committed 1664K, reserved 1048576K
}
Event: 7.610 GC heap before
{Heap before GC invocations=3 (full 0):
 PSYoungGen      total 38400K, used 38384K [0x00000000d5c00000, 0x00000000d8680000, 0x0000000100000000)
  eden space 33280K, 100% used [0x00000000d5c00000,0x00000000d7c80000,0x00000000d7c80000)
  from space 5120K, 99% used [0x00000000d8180000,0x00000000d867c138,0x00000000d8680000)
  to   space 5120K, 0% used [0x00000000d7c80000,0x00000000d7c80000,0x00000000d8180000)
 ParOldGen       total 87552K, used 1751K [0x0000000081400000, 0x0000000086980000, 0x00000000d5c00000)
  object space 87552K, 2% used [0x0000000081400000,0x00000000815b5e70,0x0000000086980000)
 Metaspace       used 13459K, capacity 13816K, committed 14080K, reserved 1060864K
  class space    used 1632K, capacity 1765K, committed 1792K, reserved 1048576K
Event: 7.623 GC heap after
Heap after GC invocations=3 (full 0):
 PSYoungGen      total 38400K, used 5104K [0x00000000d5c00000, 0x00000000d8680000, 0x0000000100000000)
  eden space 33280K, 0% used [0x00000000d5c00000,0x00000000d5c00000,0x00000000d7c80000)
  from space 5120K, 99% used [0x00000000d7c80000,0x00000000d817c030,0x00000000d8180000)
  to   space 5120K, 0% used [0x00000000d8180000,0x00000000d8180000,0x00000000d8680000)
 ParOldGen       total 87552K, used 2846K [0x0000000081400000, 0x0000000086980000, 0x00000000d5c00000)
  object space 87552K, 3% used [0x0000000081400000,0x00000000816c78b0,0x0000000086980000)
 Metaspace       used 13459K, capacity 13816K, committed 14080K, reserved 1060864K
  class space    used 1632K, capacity 1765K, committed 1792K, reserved 1048576K
}

Deoptimization events (10 events):
Event: 6.267 Thread 0x0000000002a9e000 Uncommon trap: reason=class_check action=maybe_recompile pc=0x0000000002dcb650 method=java.util.HashMap.putVal(ILjava/lang/Object;Ljava/lang/Object;ZZ)Ljava/lang/Object; @ 203
Event: 7.629 Thread 0x0000000002a9e000 Uncommon trap: reason=unstable_if action=reinterpret pc=0x000000000303c940 method=java.util.WeakHashMap.expungeStaleEntries()V @ 9
Event: 8.111 Thread 0x0000000002a9e000 Uncommon trap: reason=unstable_if action=reinterpret pc=0x000000000312b550 method=java.util.regex.Pattern.has(I)Z @ 6
Event: 8.111 Thread 0x0000000002a9e000 Uncommon trap: reason=unstable_if action=reinterpret pc=0x0000000002f75d90 method=java.util.regex.Pattern.has(I)Z @ 6
Event: 8.303 Thread 0x0000000002a9e000 Uncommon trap: reason=class_check action=maybe_recompile pc=0x0000000002c630d8 method=sun.misc.URLClassPath.getLoader(I)Lsun/misc/URLClassPath$Loader; @ 94
Event: 8.304 Thread 0x0000000002a9e000 Uncommon trap: reason=class_check action=maybe_recompile pc=0x0000000002c630d8 method=sun.misc.URLClassPath.getLoader(I)Lsun/misc/URLClassPath$Loader; @ 94
Event: 8.338 Thread 0x0000000002a9e000 Uncommon trap: reason=bimorphic action=maybe_recompile pc=0x0000000003051ad8 method=java.util.regex.Pattern$BmpCharProperty.match(Ljava/util/regex/Matcher;ILjava/lang/CharSequence;)Z @ 16
Event: 8.338 Thread 0x0000000002a9e000 Uncommon trap: reason=bimorphic action=maybe_recompile pc=0x0000000003051ad8 method=java.util.regex.Pattern$BmpCharProperty.match(Ljava/util/regex/Matcher;ILjava/lang/CharSequence;)Z @ 16
Event: 8.338 Thread 0x0000000002a9e000 Uncommon trap: reason=bimorphic action=maybe_recompile pc=0x0000000003051ad8 method=java.util.regex.Pattern$BmpCharProperty.match(Ljava/util/regex/Matcher;ILjava/lang/CharSequence;)Z @ 16
Event: 8.338 Thread 0x0000000002a9e000 Uncommon trap: reason=bimorphic action=maybe_recompile pc=0x0000000003051ad8 method=java.util.regex.Pattern$BmpCharProperty.match(Ljava/util/regex/Matcher;ILjava/lang/CharSequence;)Z @ 16

Internal exceptions (10 events):
Event: 3.184 Thread 0x0000000002a9e000 Implicit null exception at 0x0000000002e41595 to 0x0000000002e4176d
Event: 3.185 Thread 0x0000000002a9e000 Implicit null exception at 0x0000000002dfedef to 0x0000000002dfee59
Event: 3.517 Thread 0x0000000002a9e000 Implicit null exception at 0x0000000002f780ec to 0x0000000002f7837d
Event: 3.729 Thread 0x0000000002a9e000 Exception <a 'java/lang/NoClassDefFoundError': org/slf4j/Logger> (0x00000000d5ec23c0) thrown at [C:\re\workspace\8-2-build-windows-amd64-cygwin\jdk8u71\5731\hotspot\src\share\vm\oops\constantPool.cpp, line 235]
Event: 5.202 Thread 0x0000000002a9e000 Exception <a 'java/lang/NoClassDefFoundError': org/slf4j/Logger> (0x00000000d67e9d88) thrown at [C:\re\workspace\8-2-build-windows-amd64-cygwin\jdk8u71\5731\hotspot\src\share\vm\oops\constantPool.cpp, line 235]
Event: 6.101 Thread 0x0000000002a9e000 Implicit null exception at 0x0000000002e161fb to 0x0000000002e16919
Event: 7.328 Thread 0x0000000002a9e000 Exception <a 'java/lang/NoClassDefFoundError': org/slf4j/Logger> (0x00000000d79439b0) thrown at [C:\re\workspace\8-2-build-windows-amd64-cygwin\jdk8u71\5731\hotspot\src\share\vm\oops\constantPool.cpp, line 235]
Event: 7.978 Thread 0x0000000002a9e000 Exception <a 'java/lang/NoClassDefFoundError': org/slf4j/Logger> (0x00000000d5e89168) thrown at [C:\re\workspace\8-2-build-windows-amd64-cygwin\jdk8u71\5731\hotspot\src\share\vm\oops\constantPool.cpp, line 235]
Event: 8.579 Thread 0x0000000002a9e000 Exception <a 'java/io/FileNotFoundException'> (0x00000000d6f44738) thrown at [C:\re\workspace\8-2-build-windows-amd64-cygwin\jdk8u71\5731\hotspot\src\share\vm\prims\jni.cpp, line 709]
Event: 8.586 Thread 0x0000000002a9e000 Exception <a 'java/io/FileNotFoundException'> (0x00000000d6f78288) thrown at [C:\re\workspace\8-2-build-windows-amd64-cygwin\jdk8u71\5731\hotspot\src\share\vm\prims\jni.cpp, line 709]

Events (10 events):
Event: 8.523 loading class java/util/ComparableTimSort
Event: 8.523 loading class java/util/ComparableTimSort done
Event: 8.565 Thread 0x0000000002a9e000 DEOPT PACKING pc=0x0000000003211bd2 sp=0x000000000284ca00
Event: 8.565 Thread 0x0000000002a9e000 DEOPT UNPACKING pc=0x0000000002ae787f sp=0x000000000284c740 mode 0
Event: 8.615 loading class javax/lang/model/SourceVersion
Event: 8.615 loading class javax/lang/model/SourceVersion done
Event: 8.664 Thread 0x0000000002a9e000 DEOPT PACKING pc=0x00000000032229d2 sp=0x000000000284c620
Event: 8.664 Thread 0x0000000002a9e000 DEOPT UNPACKING pc=0x0000000002ae787f sp=0x000000000284c3a8 mode 0
Event: 8.665 Thread 0x0000000002a9e000 DEOPT PACKING pc=0x00000000032229d2 sp=0x000000000284c620
Event: 8.665 Thread 0x0000000002a9e000 DEOPT UNPACKING pc=0x0000000002ae787f sp=0x000000000284c3a8 mode 0


Dynamic libraries:
0x00007ff72a760000 - 0x00007ff72a797000 	C:\Program Files\Java\jdk1.8.0_71\bin\java.exe
0x00007ff9d0030000 - 0x00007ff9d0201000 	C:\WINDOWS\SYSTEM32\ntdll.dll
0x00007ff9cfba0000 - 0x00007ff9cfc4b000 	C:\WINDOWS\System32\KERNEL32.DLL
0x00007ff9cc800000 - 0x00007ff9cca1d000 	C:\WINDOWS\System32\KERNELBASE.dll
0x00007ff9cfc50000 - 0x00007ff9cfcf2000 	C:\WINDOWS\System32\ADVAPI32.dll
0x00007ff9cf560000 - 0x00007ff9cf5fe000 	C:\WINDOWS\System32\msvcrt.dll
0x00007ff9cd5c0000 - 0x00007ff9cd619000 	C:\WINDOWS\System32\sechost.dll
0x00007ff9cfd20000 - 0x00007ff9cfe41000 	C:\WINDOWS\System32\RPCRT4.dll
0x00007ff9cfe50000 - 0x00007ff9cffb5000 	C:\WINDOWS\System32\USER32.dll
0x00007ff9cca20000 - 0x00007ff9cca3e000 	C:\WINDOWS\System32\win32u.dll
0x00007ff9cef70000 - 0x00007ff9cefa4000 	C:\WINDOWS\System32\GDI32.dll
0x00007ff9cc670000 - 0x00007ff9cc7f2000 	C:\WINDOWS\System32\gdi32full.dll
0x00007ff9c6930000 - 0x00007ff9c6baa000 	C:\WINDOWS\WinSxS\amd64_microsoft.windows.common-controls_6595b64144ccf1df_6.0.14393.953_none_42151e83c686086b\COMCTL32.dll
0x00007ff9cefb0000 - 0x00007ff9cf278000 	C:\WINDOWS\System32\combase.dll
0x00007ff9ccc70000 - 0x00007ff9ccd65000 	C:\WINDOWS\System32\ucrtbase.dll
0x00007ff9ccd70000 - 0x00007ff9ccdda000 	C:\WINDOWS\System32\bcryptPrimitives.dll
0x00007ff9cf280000 - 0x00007ff9cf2ae000 	C:\WINDOWS\System32\IMM32.DLL
0x000000006f0d0000 - 0x000000006f1a2000 	C:\Program Files\Java\jdk1.8.0_71\jre\bin\msvcr100.dll
0x000000006f330000 - 0x000000006fbbf000 	C:\Program Files\Java\jdk1.8.0_71\jre\bin\server\jvm.dll
0x00007ff9cef60000 - 0x00007ff9cef68000 	C:\WINDOWS\System32\PSAPI.DLL
0x00007ff9bbd20000 - 0x00007ff9bbd29000 	C:\WINDOWS\SYSTEM32\WSOCK32.dll
0x00007ff9cf350000 - 0x00007ff9cf3ba000 	C:\WINDOWS\System32\WS2_32.dll
0x00007ff9c6410000 - 0x00007ff9c641a000 	C:\WINDOWS\SYSTEM32\VERSION.dll
0x00007ff9ca6f0000 - 0x00007ff9ca713000 	C:\WINDOWS\SYSTEM32\WINMM.dll
0x0000000001170000 - 0x000000000119b000 	C:\WINDOWS\SYSTEM32\WINMMBASE.dll
0x00007ff9ccde0000 - 0x00007ff9cce22000 	C:\WINDOWS\System32\cfgmgr32.dll
0x0000000070270000 - 0x000000007027f000 	C:\Program Files\Java\jdk1.8.0_71\jre\bin\verify.dll
0x0000000070240000 - 0x0000000070269000 	C:\Program Files\Java\jdk1.8.0_71\jre\bin\java.dll
0x0000000070220000 - 0x0000000070236000 	C:\Program Files\Java\jdk1.8.0_71\jre\bin\zip.dll
0x00007ff9cda50000 - 0x00007ff9cef58000 	C:\WINDOWS\System32\SHELL32.dll
0x00007ff9cce30000 - 0x00007ff9cd50a000 	C:\WINDOWS\System32\windows.storage.dll
0x00007ff9cc4b0000 - 0x00007ff9cc4fc000 	C:\WINDOWS\System32\powrprof.dll
0x00007ff9cf880000 - 0x00007ff9cf8d2000 	C:\WINDOWS\System32\shlwapi.dll
0x00007ff9cc4a0000 - 0x00007ff9cc4af000 	C:\WINDOWS\System32\kernel.appcore.dll
0x00007ff9cd510000 - 0x00007ff9cd5b9000 	C:\WINDOWS\System32\shcore.dll
0x00007ff9cc500000 - 0x00007ff9cc514000 	C:\WINDOWS\System32\profapi.dll
0x0000000070200000 - 0x000000007021a000 	C:\Program Files\Java\jdk1.8.0_71\jre\bin\net.dll
0x00007ff9cbd60000 - 0x00007ff9cbdbc000 	C:\WINDOWS\system32\mswsock.dll
0x000000006f310000 - 0x000000006f321000 	C:\Program Files\Java\jdk1.8.0_71\jre\bin\nio.dll

VM Arguments:
jvm_args: -Dclassworlds.conf=C:\Program Files\NetBeans 8.2\java\maven\bin\m2.conf -Dmaven.home=C:\Program Files\NetBeans 8.2\java\maven 
java_command: org.codehaus.plexus.classworlds.launcher.Launcher -DskipTests=true -Dmaven.ext.class.path=C:\Program Files\NetBeans 8.2\java\maven-nblib\netbeans-eventspy.jar -Dfile.encoding=UTF-8 clean install
java_class_path (initial): C:\Program Files\NetBeans 8.2\java\maven\boot\plexus-classworlds-2.4.jar
Launcher Type: SUN_STANDARD

Environment Variables:
JAVA_HOME=C:\Program Files\Java\jdk1.8.0_71
PATH=C:\watcom-1.3\binnt;C:\watcom-1.3\binw;C:\ProgramData\Oracle\Java\javapath;C:\Program Files (x86)\Intel\iCLS Client\;C:\Program Files\Intel\iCLS Client\;C:\WINDOWS\system32;C:\WINDOWS;C:\WINDOWS\System32\Wbem;C:\WINDOWS\System32\WindowsPowerShell\v1.0\;C:\Program Files\Hewlett-Packard\SimplePass\;C:\Program Files\Intel\Intel(R) Management Engine Components\DAL;C:\Program Files (x86)\Intel\Intel(R) Management Engine Components\DAL;C:\Program Files\Intel\Intel(R) Management Engine Components\IPT;C:\Program Files (x86)\Intel\Intel(R) Management Engine Components\IPT;C:\Program Files (x86)\Skype\Phone\;C:\WINDOWS\system32\config\systemprofile\.dnx\bin;C:\Program Files\Microsoft DNX\Dnvm\;C:\Program Files\Microsoft SQL Server\130\Tools\Binn\;C:\Users\Amein\AppData\Local\Microsoft\WindowsApps;
USERNAME=Amein
OS=Windows_NT
PROCESSOR_IDENTIFIER=Intel64 Family 6 Model 61 Stepping 4, GenuineIntel



---------------  S Y S T E M  ---------------

OS: Windows 10.0 , 64 bit Build 14393 (10.0.14393.0)

CPU:total 4 (2 cores per cpu, 2 threads per core) family 6 model 61 stepping 4, cmov, cx8, fxsr, mmx, sse, sse2, sse3, ssse3, sse4.1, sse4.2, popcnt, avx, avx2, aes, clmul, erms, 3dnowpref, lzcnt, ht, tsc, tscinvbit, bmi1, bmi2, adx

Memory: 4k page, physical 8301968k(2145096k free), swap 10257808k(6568k free)

vm_info: Java HotSpot(TM) 64-Bit Server VM (25.71-b15) for windows-amd64 JRE (1.8.0_71-b15), built on Dec 22 2015 18:15:55 by "java_re" with MS VC++ 10.0 (VS2010)

time: Fri Apr 21 14:30:46 2017
elapsed time: 8 seconds (0d 0h 0m 8s)

