#
# There is insufficient memory for the Java Runtime Environment to continue.
# Native memory allocation (malloc) failed to allocate 46752 bytes for Chunk::new
# Possible reasons:
#   The system is out of physical RAM or swap space
#   In 32 bit mode, the process size limit was hit
# Possible solutions:
#   Reduce memory load on the system
#   Increase physical memory or swap space
#   Check if swap backing store is full
#   Use 64 bit Java on a 64 bit OS
#   Decrease Java heap size (-Xmx/-Xms)
#   Decrease number of Java threads
#   Decrease Java thread stack sizes (-Xss)
#   Set larger code cache with -XX:ReservedCodeCacheSize=
# This output file may be truncated or incomplete.
#
#  Out of Memory Error (allocation.cpp:390), pid=11624, tid=10972
#
# JRE version: Java(TM) SE Runtime Environment (8.0_71-b15) (build 1.8.0_71-b15)
# Java VM: Java HotSpot(TM) 64-Bit Server VM (25.71-b15 mixed mode windows-amd64 compressed oops)
# Failed to write core dump. Minidumps are not enabled by default on client versions of Windows
#

---------------  T H R E A D  ---------------

Current thread (0x0000000017100000):  JavaThread "C2 CompilerThread1" daemon [_thread_in_native, id=10972, stack(0x0000000018840000,0x0000000018940000)]

Stack: [0x0000000018840000,0x0000000018940000]
[error occurred during error reporting (printing stack bounds), id 0xc0000005]

Native frames: (J=compiled Java code, j=interpreted, Vv=VM code, C=native code)


Current CompileTask:
C2:   9198 2138       4       java.io.WinNTFileSystem::normalize (143 bytes)


---------------  P R O C E S S  ---------------

Java Threads: ( => current thread )
  0x0000000018a45800 JavaThread "Service Thread" daemon [_thread_blocked, id=6476, stack(0x0000000018e40000,0x0000000018f40000)]
  0x000000001715d800 JavaThread "C1 CompilerThread2" daemon [_thread_blocked, id=12744, stack(0x0000000018940000,0x0000000018a40000)]
=>0x0000000017100000 JavaThread "C2 CompilerThread1" daemon [_thread_in_native, id=10972, stack(0x0000000018840000,0x0000000018940000)]
  0x00000000170fe000 JavaThread "C2 CompilerThread0" daemon [_thread_in_native, id=8672, stack(0x0000000018740000,0x0000000018840000)]
  0x00000000170fc000 JavaThread "Attach Listener" daemon [_thread_blocked, id=13440, stack(0x0000000018640000,0x0000000018740000)]
  0x00000000170fa800 JavaThread "Signal Dispatcher" daemon [_thread_blocked, id=14044, stack(0x0000000018540000,0x0000000018640000)]
  0x0000000002581800 JavaThread "Finalizer" daemon [_thread_blocked, id=6308, stack(0x0000000018350000,0x0000000018450000)]
  0x000000000257e000 JavaThread "Reference Handler" daemon [_thread_blocked, id=7916, stack(0x0000000018250000,0x0000000018350000)]
  0x00000000023be000 JavaThread "main" [_thread_in_Java, id=9512, stack(0x00000000022b0000,0x00000000023b0000)]

Other Threads:
  0x00000000170c8800 VMThread [stack: 0x0000000018150000,0x0000000018250000] [id=10376]
  0x0000000018a5a800 WatcherThread [stack: 0x0000000018f40000,0x0000000019040000] [id=11360]

VM state:not at safepoint (normal execution)

VM Mutex/Monitor currently owned by a thread: None

Heap:
 PSYoungGen      total 71680K, used 53313K [0x00000000d5c00000, 0x00000000da700000, 0x0000000100000000)
  eden space 66560K, 72% used [0x00000000d5c00000,0x00000000d8b179c0,0x00000000d9d00000)
  from space 5120K, 99% used [0x00000000da200000,0x00000000da6f8a90,0x00000000da700000)
  to   space 5120K, 0% used [0x00000000d9d00000,0x00000000d9d00000,0x00000000da200000)
 ParOldGen       total 87552K, used 2057K [0x0000000081400000, 0x0000000086980000, 0x00000000d5c00000)
  object space 87552K, 2% used [0x0000000081400000,0x0000000081602400,0x0000000086980000)
 Metaspace       used 17344K, capacity 17764K, committed 17920K, reserved 1064960K
  class space    used 2153K, capacity 2253K, committed 2304K, reserved 1048576K

Card table byte_map: [0x0000000011950000,0x0000000011d50000] byte_map_base: 0x0000000011546000

Marking Bits: (ParMarkBitMap*) 0x0000000066e6f600
 Begin Bits: [0x0000000012400000, 0x00000000143b0000)
 End Bits:   [0x00000000143b0000, 0x0000000016360000)

Polling page: 0x0000000000810000

CodeCache: size=245760Kb used=7500Kb max_used=7500Kb free=238259Kb
 bounds [0x0000000002590000, 0x0000000002cf0000, 0x0000000011590000]
 total_blobs=2516 nmethods=2162 adapters=266
 compilation: enabled

Compilation events (10 events):
Event: 9.166 Thread 0x000000001715d800 2129       3       com.sun.tools.javac.tree.JCTree::<init> (5 bytes)
Event: 9.167 Thread 0x000000001715d800 nmethod 2129 0x0000000002ca1dd0 code [0x0000000002ca1f20, 0x0000000002ca20d0]
Event: 9.167 Thread 0x000000001715d800 2135       3       com.sun.tools.javac.parser.JavacParser$EmptyEndPosTable::toP (2 bytes)
Event: 9.167 Thread 0x000000001715d800 nmethod 2135 0x0000000002ca1a90 code [0x0000000002ca1be0, 0x0000000002ca1d30]
Event: 9.167 Thread 0x000000001715d800 2136       3       com.sun.tools.javac.parser.JavacParser::annotationsOpt (93 bytes)
Event: 9.168 Thread 0x000000001715d800 nmethod 2136 0x0000000002ca0990 code [0x0000000002ca0ba0, 0x0000000002ca14b8]
Event: 9.168 Thread 0x000000001715d800 2137       3       com.sun.tools.javac.parser.Tokens$Token::checkKind (43 bytes)
Event: 9.170 Thread 0x000000001715d800 nmethod 2137 0x0000000002c9f550 code [0x0000000002c9f740, 0x0000000002ca0178]
Event: 9.170 Thread 0x000000001715d800 2127       1       com.sun.tools.javac.parser.Tokens$NamedToken::name (5 bytes)
Event: 9.170 Thread 0x000000001715d800 nmethod 2127 0x0000000002c9f290 code [0x0000000002c9f3e0, 0x0000000002c9f4f0]

GC Heap History (4 events):
Event: 2.003 GC heap before
{Heap before GC invocations=1 (full 0):
 PSYoungGen      total 38400K, used 33280K [0x00000000d5c00000, 0x00000000d8680000, 0x0000000100000000)
  eden space 33280K, 100% used [0x00000000d5c00000,0x00000000d7c80000,0x00000000d7c80000)
  from space 5120K, 0% used [0x00000000d8180000,0x00000000d8180000,0x00000000d8680000)
  to   space 5120K, 0% used [0x00000000d7c80000,0x00000000d7c80000,0x00000000d8180000)
 ParOldGen       total 87552K, used 0K [0x0000000081400000, 0x0000000086980000, 0x00000000d5c00000)
  object space 87552K, 0% used [0x0000000081400000,0x0000000081400000,0x0000000086980000)
 Metaspace       used 7639K, capacity 7790K, committed 7936K, reserved 1056768K
  class space    used 960K, capacity 1021K, committed 1024K, reserved 1048576K
Event: 2.038 GC heap after
Heap after GC invocations=1 (full 0):
 PSYoungGen      total 38400K, used 4532K [0x00000000d5c00000, 0x00000000da700000, 0x0000000100000000)
  eden space 33280K, 0% used [0x00000000d5c00000,0x00000000d5c00000,0x00000000d7c80000)
  from space 5120K, 88% used [0x00000000d7c80000,0x00000000d80ed030,0x00000000d8180000)
  to   space 5120K, 0% used [0x00000000da200000,0x00000000da200000,0x00000000da700000)
 ParOldGen       total 87552K, used 16K [0x0000000081400000, 0x0000000086980000, 0x00000000d5c00000)
  object space 87552K, 0% used [0x0000000081400000,0x0000000081404000,0x0000000086980000)
 Metaspace       used 7639K, capacity 7790K, committed 7936K, reserved 1056768K
  class space    used 960K, capacity 1021K, committed 1024K, reserved 1048576K
}
Event: 4.432 GC heap before
{Heap before GC invocations=2 (full 0):
 PSYoungGen      total 38400K, used 37812K [0x00000000d5c00000, 0x00000000da700000, 0x0000000100000000)
  eden space 33280K, 100% used [0x00000000d5c00000,0x00000000d7c80000,0x00000000d7c80000)
  from space 5120K, 88% used [0x00000000d7c80000,0x00000000d80ed030,0x00000000d8180000)
  to   space 5120K, 0% used [0x00000000da200000,0x00000000da200000,0x00000000da700000)
 ParOldGen       total 87552K, used 16K [0x0000000081400000, 0x0000000086980000, 0x00000000d5c00000)
  object space 87552K, 0% used [0x0000000081400000,0x0000000081404000,0x0000000086980000)
 Metaspace       used 12166K, capacity 12388K, committed 12672K, reserved 1060864K
  class space    used 1492K, capacity 1547K, committed 1664K, reserved 1048576K
Event: 4.445 GC heap after
Heap after GC invocations=2 (full 0):
 PSYoungGen      total 71680K, used 5090K [0x00000000d5c00000, 0x00000000da700000, 0x0000000100000000)
  eden space 66560K, 0% used [0x00000000d5c00000,0x00000000d5c00000,0x00000000d9d00000)
  from space 5120K, 99% used [0x00000000da200000,0x00000000da6f8a90,0x00000000da700000)
  to   space 5120K, 0% used [0x00000000d9d00000,0x00000000d9d00000,0x00000000da200000)
 ParOldGen       total 87552K, used 2057K [0x0000000081400000, 0x0000000086980000, 0x00000000d5c00000)
  object space 87552K, 2% used [0x0000000081400000,0x0000000081602400,0x0000000086980000)
 Metaspace       used 12166K, capacity 12388K, committed 12672K, reserved 1060864K
  class space    used 1492K, capacity 1547K, committed 1664K, reserved 1048576K
}

Deoptimization events (10 events):
Event: 4.711 Thread 0x00000000023be000 Uncommon trap: reason=unstable_if action=reinterpret pc=0x0000000002aafe3c method=java.util.ArrayList.remove(I)Ljava/lang/Object; @ 31
Event: 4.869 Thread 0x00000000023be000 Uncommon trap: reason=unstable_if action=reinterpret pc=0x00000000029169d8 method=java.util.HashMap.hash(Ljava/lang/Object;)I @ 1
Event: 4.889 Thread 0x00000000023be000 Uncommon trap: reason=class_check action=maybe_recompile pc=0x00000000028c8f54 method=java.util.HashMap.putVal(ILjava/lang/Object;Ljava/lang/Object;ZZ)Ljava/lang/Object; @ 203
Event: 6.714 Thread 0x00000000023be000 Uncommon trap: reason=unstable_if action=reinterpret pc=0x0000000002c22fd0 method=java.util.regex.Pattern.has(I)Z @ 6
Event: 9.043 Thread 0x00000000023be000 Uncommon trap: reason=class_check action=maybe_recompile pc=0x0000000002741258 method=sun.misc.URLClassPath.getLoader(I)Lsun/misc/URLClassPath$Loader; @ 94
Event: 9.045 Thread 0x00000000023be000 Uncommon trap: reason=class_check action=maybe_recompile pc=0x0000000002741258 method=sun.misc.URLClassPath.getLoader(I)Lsun/misc/URLClassPath$Loader; @ 94
Event: 9.063 Thread 0x00000000023be000 Uncommon trap: reason=bimorphic action=maybe_recompile pc=0x0000000002bb27e4 method=java.util.regex.Pattern$BmpCharProperty.match(Ljava/util/regex/Matcher;ILjava/lang/CharSequence;)Z @ 16
Event: 9.063 Thread 0x00000000023be000 Uncommon trap: reason=bimorphic action=maybe_recompile pc=0x0000000002bb27e4 method=java.util.regex.Pattern$BmpCharProperty.match(Ljava/util/regex/Matcher;ILjava/lang/CharSequence;)Z @ 16
Event: 9.063 Thread 0x00000000023be000 Uncommon trap: reason=bimorphic action=maybe_recompile pc=0x0000000002bb27e4 method=java.util.regex.Pattern$BmpCharProperty.match(Ljava/util/regex/Matcher;ILjava/lang/CharSequence;)Z @ 16
Event: 9.063 Thread 0x00000000023be000 Uncommon trap: reason=bimorphic action=maybe_recompile pc=0x0000000002bb27e4 method=java.util.regex.Pattern$BmpCharProperty.match(Ljava/util/regex/Matcher;ILjava/lang/CharSequence;)Z @ 16

Internal exceptions (10 events):
Event: 2.198 Thread 0x00000000023be000 Exception <a 'java/lang/NoClassDefFoundError': org/slf4j/LoggerFactory> (0x00000000d5f24cc8) thrown at [C:\re\workspace\8-2-build-windows-amd64-cygwin\jdk8u71\5731\hotspot\src\share\vm\classfile\systemDictionary.cpp, line 199]
Event: 2.198 Thread 0x00000000023be000 Exception <a 'java/lang/NoClassDefFoundError'> (0x00000000d5f24cc8) thrown at [C:\re\workspace\8-2-build-windows-amd64-cygwin\jdk8u71\5731\hotspot\src\share\vm\oops\instanceKlass.cpp, line 948]
Event: 3.317 Thread 0x00000000023be000 Implicit null exception at 0x000000000275f51b to 0x000000000275f6cd
Event: 4.147 Thread 0x00000000023be000 Implicit null exception at 0x000000000293e8d5 to 0x000000000293eaad
Event: 4.147 Thread 0x00000000023be000 Implicit null exception at 0x00000000028ac4af to 0x00000000028ac519
Event: 4.218 Thread 0x00000000023be000 Implicit null exception at 0x0000000002a1d22c to 0x0000000002a1d4bd
Event: 4.869 Thread 0x00000000023be000 Implicit null exception at 0x000000000291627b to 0x00000000029169bd
Event: 5.047 Thread 0x00000000023be000 Exception <a 'java/lang/NoClassDefFoundError': org/slf4j/Logger> (0x00000000d6521640) thrown at [C:\re\workspace\8-2-build-windows-amd64-cygwin\jdk8u71\5731\hotspot\src\share\vm\oops\constantPool.cpp, line 235]
Event: 5.835 Thread 0x00000000023be000 Exception <a 'java/lang/NoClassDefFoundError': org/slf4j/Logger> (0x00000000d7555c88) thrown at [C:\re\workspace\8-2-build-windows-amd64-cygwin\jdk8u71\5731\hotspot\src\share\vm\oops\constantPool.cpp, line 235]
Event: 6.202 Thread 0x00000000023be000 Exception <a 'java/lang/NoClassDefFoundError': org/slf4j/Logger> (0x00000000d7b696e8) thrown at [C:\re\workspace\8-2-build-windows-amd64-cygwin\jdk8u71\5731\hotspot\src\share\vm\oops\constantPool.cpp, line 235]

Events (10 events):
Event: 9.063 Thread 0x00000000023be000 DEOPT PACKING pc=0x0000000002bb27e4 sp=0x00000000023ac4e0
Event: 9.063 Thread 0x00000000023be000 DEOPT UNPACKING pc=0x00000000025d582a sp=0x00000000023ac4c0 mode 2
Event: 9.063 Thread 0x00000000023be000 Uncommon trap: trap_request=0xffffffc6 fr.pc=0x0000000002bb27e4
Event: 9.063 Thread 0x00000000023be000 DEOPT PACKING pc=0x0000000002bb27e4 sp=0x00000000023ac000
Event: 9.063 Thread 0x00000000023be000 DEOPT UNPACKING pc=0x00000000025d582a sp=0x00000000023abfe0 mode 2
Event: 9.063 Thread 0x00000000023be000 Uncommon trap: trap_request=0xffffffc6 fr.pc=0x0000000002bb27e4
Event: 9.063 Thread 0x00000000023be000 DEOPT PACKING pc=0x0000000002bb27e4 sp=0x00000000023ac000
Event: 9.063 Thread 0x00000000023be000 DEOPT UNPACKING pc=0x00000000025d582a sp=0x00000000023abfe0 mode 2
Event: 9.121 loading class sun/misc/FloatingDecimal$ASCIIToBinaryBuffer
Event: 9.121 loading class sun/misc/FloatingDecimal$ASCIIToBinaryBuffer done


Dynamic libraries:
0x00007ff6562e0000 - 0x00007ff656317000 	C:\Program Files\Java\jdk1.8.0_71\bin\java.exe
0x00007ffc0d300000 - 0x00007ffc0d4d1000 	C:\WINDOWS\SYSTEM32\ntdll.dll
0x00007ffc0c780000 - 0x00007ffc0c82b000 	C:\WINDOWS\System32\KERNEL32.DLL
0x00007ffc09ad0000 - 0x00007ffc09ced000 	C:\WINDOWS\System32\KERNELBASE.dll
0x00007ffc0c4c0000 - 0x00007ffc0c562000 	C:\WINDOWS\System32\ADVAPI32.dll
0x00007ffc0c9f0000 - 0x00007ffc0ca8e000 	C:\WINDOWS\System32\msvcrt.dll
0x00007ffc0ce10000 - 0x00007ffc0ce69000 	C:\WINDOWS\System32\sechost.dll
0x00007ffc0c330000 - 0x00007ffc0c451000 	C:\WINDOWS\System32\RPCRT4.dll
0x00007ffc0ca90000 - 0x00007ffc0cbf5000 	C:\WINDOWS\System32\USER32.dll
0x00007ffc09f00000 - 0x00007ffc09f1e000 	C:\WINDOWS\System32\win32u.dll
0x00007ffc0c0f0000 - 0x00007ffc0c124000 	C:\WINDOWS\System32\GDI32.dll
0x00007ffc09940000 - 0x00007ffc09ac2000 	C:\WINDOWS\System32\gdi32full.dll
0x00007ffc00570000 - 0x00007ffc007ea000 	C:\WINDOWS\WinSxS\amd64_microsoft.windows.common-controls_6595b64144ccf1df_6.0.14393.953_none_42151e83c686086b\COMCTL32.dll
0x00007ffc0be20000 - 0x00007ffc0c0e8000 	C:\WINDOWS\System32\combase.dll
0x00007ffc09d50000 - 0x00007ffc09e45000 	C:\WINDOWS\System32\ucrtbase.dll
0x00007ffc09f20000 - 0x00007ffc09f8a000 	C:\WINDOWS\System32\bcryptPrimitives.dll
0x00007ffc0c6e0000 - 0x00007ffc0c70e000 	C:\WINDOWS\System32\IMM32.DLL
0x0000000066330000 - 0x0000000066402000 	C:\Program Files\Java\jdk1.8.0_71\jre\bin\msvcr100.dll
0x0000000066660000 - 0x0000000066eef000 	C:\Program Files\Java\jdk1.8.0_71\jre\bin\server\jvm.dll
0x00007ffc0a890000 - 0x00007ffc0a898000 	C:\WINDOWS\System32\PSAPI.DLL
0x00007ffbfb1b0000 - 0x00007ffbfb1b9000 	C:\WINDOWS\SYSTEM32\WSOCK32.dll
0x00007ffc0c710000 - 0x00007ffc0c77a000 	C:\WINDOWS\System32\WS2_32.dll
0x00007ffc06f20000 - 0x00007ffc06f43000 	C:\WINDOWS\SYSTEM32\WINMM.dll
0x00007ffc001e0000 - 0x00007ffc001ea000 	C:\WINDOWS\SYSTEM32\VERSION.dll
0x00007ffc06ec0000 - 0x00007ffc06eeb000 	C:\WINDOWS\SYSTEM32\WINMMBASE.dll
0x00007ffc0a840000 - 0x00007ffc0a882000 	C:\WINDOWS\System32\cfgmgr32.dll
0x0000000066650000 - 0x000000006665f000 	C:\Program Files\Java\jdk1.8.0_71\jre\bin\verify.dll
0x0000000066620000 - 0x0000000066649000 	C:\Program Files\Java\jdk1.8.0_71\jre\bin\java.dll
0x0000000066600000 - 0x0000000066616000 	C:\Program Files\Java\jdk1.8.0_71\jre\bin\zip.dll
0x00007ffc0a910000 - 0x00007ffc0be18000 	C:\WINDOWS\System32\SHELL32.dll
0x00007ffc0a160000 - 0x00007ffc0a83a000 	C:\WINDOWS\System32\windows.storage.dll
0x00007ffc09770000 - 0x00007ffc097bc000 	C:\WINDOWS\System32\powrprof.dll
0x00007ffc0ce70000 - 0x00007ffc0cec2000 	C:\WINDOWS\System32\shlwapi.dll
0x00007ffc09760000 - 0x00007ffc0976f000 	C:\WINDOWS\System32\kernel.appcore.dll
0x00007ffc09890000 - 0x00007ffc09939000 	C:\WINDOWS\System32\shcore.dll
0x00007ffc097c0000 - 0x00007ffc097d4000 	C:\WINDOWS\System32\profapi.dll
0x00000000665e0000 - 0x00000000665fa000 	C:\Program Files\Java\jdk1.8.0_71\jre\bin\net.dll
0x00007ffc09030000 - 0x00007ffc0908c000 	C:\WINDOWS\system32\mswsock.dll
0x0000000066570000 - 0x0000000066581000 	C:\Program Files\Java\jdk1.8.0_71\jre\bin\nio.dll

VM Arguments:
jvm_args: -Dclassworlds.conf=C:\Program Files\NetBeans 8.2\java\maven\bin\m2.conf -Dmaven.home=C:\Program Files\NetBeans 8.2\java\maven 
java_command: org.codehaus.plexus.classworlds.launcher.Launcher -DskipTests=true -Dmaven.ext.class.path=C:\Program Files\NetBeans 8.2\java\maven-nblib\netbeans-eventspy.jar -Dfile.encoding=UTF-8 clean install
java_class_path (initial): C:\Program Files\NetBeans 8.2\java\maven\boot\plexus-classworlds-2.4.jar
Launcher Type: SUN_STANDARD

Environment Variables:
JAVA_HOME=C:\Program Files\Java\jdk1.8.0_71
PATH=C:\watcom-1.3\binnt;C:\watcom-1.3\binw;C:\ProgramData\Oracle\Java\javapath;C:\Program Files (x86)\Intel\iCLS Client\;C:\Program Files\Intel\iCLS Client\;C:\WINDOWS\system32;C:\WINDOWS;C:\WINDOWS\System32\Wbem;C:\WINDOWS\System32\WindowsPowerShell\v1.0\;C:\Program Files\Hewlett-Packard\SimplePass\;C:\Program Files\Intel\Intel(R) Management Engine Components\DAL;C:\Program Files (x86)\Intel\Intel(R) Management Engine Components\DAL;C:\Program Files\Intel\Intel(R) Management Engine Components\IPT;C:\Program Files (x86)\Intel\Intel(R) Management Engine Components\IPT;C:\Program Files (x86)\Skype\Phone\;C:\WINDOWS\system32\config\systemprofile\.dnx\bin;C:\Program Files\Microsoft DNX\Dnvm\;C:\Program Files\Microsoft SQL Server\130\Tools\Binn\;C:\Users\Amein\AppData\Local\Microsoft\WindowsApps;
USERNAME=Amein
OS=Windows_NT
PROCESSOR_IDENTIFIER=Intel64 Family 6 Model 61 Stepping 4, GenuineIntel



---------------  S Y S T E M  ---------------

OS: Windows 10.0 , 64 bit Build 14393 (10.0.14393.0)

CPU:total 4 (2 cores per cpu, 2 threads per core) family 6 model 61 stepping 4, cmov, cx8, fxsr, mmx, sse, sse2, sse3, ssse3, sse4.1, sse4.2, popcnt, avx, avx2, aes, clmul, erms, 3dnowpref, lzcnt, ht, tsc, tscinvbit, bmi1, bmi2, adx

Memory: 4k page, physical 8301968k(1527960k free), swap 10257808k(124k free)

vm_info: Java HotSpot(TM) 64-Bit Server VM (25.71-b15) for windows-amd64 JRE (1.8.0_71-b15), built on Dec 22 2015 18:15:55 by "java_re" with MS VC++ 10.0 (VS2010)

time: Tue Apr 25 17:37:13 2017
elapsed time: 9 seconds (0d 0h 0m 9s)

